#
# A fatal error has been detected by the Java Runtime Environment:
#
#  EXCEPTION_ACCESS_VIOLATION (0xc0000005) at pc=0x00007ffff441ad5a, pid=20548, tid=21472
#
# JRE version: Java(TM) SE Runtime Environment (19.0.1+10) (build 19.0.1+10-21)
# Java VM: Java HotSpot(TM) 64-Bit Server VM (19.0.1+10-21, mixed mode, sharing, tiered, compressed oops, compressed class ptrs, g1 gc, windows-amd64)
# Problematic frame:
# V  [jvm.dll+0x14ad5a]
#
# No core dump will be written. Minidumps are not enabled by default on client versions of Windows
#
# If you would like to submit a bug report, please visit:
#   https://bugreport.java.com/bugreport/crash.jsp
#

---------------  S U M M A R Y ------------

Command Line: --add-opens=java.base/java.util=ALL-UNNAMED --add-opens=java.base/java.lang=ALL-UNNAMED --add-opens=java.base/java.lang.invoke=ALL-UNNAMED --add-opens=java.prefs/java.util.prefs=ALL-UNNAMED --add-exports=jdk.compiler/com.sun.tools.javac.api=ALL-UNNAMED --add-exports=jdk.compiler/com.sun.tools.javac.util=ALL-UNNAMED --add-opens=java.base/java.nio.charset=ALL-UNNAMED --add-opens=java.base/java.net=ALL-UNNAMED --add-opens=java.base/java.util.concurrent.atomic=ALL-UNNAMED -Xmx2048m -Dfile.encoding=UTF-8 -Duser.country=KR -Duser.language=ko -Duser.variant -javaagent:C:\Users\blackpc\.jdks\corretto-1.8.0_362\wrapper\dists\gradle-8.9-bin\90cnw93cvbtalezasaz0blq0a\gradle-8.9\lib\agents\gradle-instrumentation-agent-8.9.jar org.gradle.launcher.daemon.bootstrap.GradleDaemon 8.9

Host: Intel(R) Core(TM) i7-4790K CPU @ 4.00GHz, 8 cores, 15G,  Windows 10 , 64 bit Build 19041 (10.0.19041.5198)
Time: Tue Jan  7 09:46:23 2025  Windows 10 , 64 bit Build 19041 (10.0.19041.5198) elapsed time: 28.078171 seconds (0d 0h 0m 28s)

---------------  T H R E A D  ---------------

Current thread (0x000002ab6d409360):  JavaThread "C2 CompilerThread1" daemon [_thread_in_native, id=21472, stack(0x000000b2fdc00000,0x000000b2fdd00000)]


Current CompileTask:
C2:  28078 13647   !   4       org.gradle.cache.internal.DefaultFileLockManager$DefaultFileLock::doWriteAction (66 bytes)

Stack: [0x000000b2fdc00000,0x000000b2fdd00000],  sp=0x000000b2fdcfba10,  free space=1006k
Native frames: (J=compiled Java code, j=interpreted, Vv=VM code, C=native code)
V  [jvm.dll+0x14ad5a]
V  [jvm.dll+0x14a38d]
V  [jvm.dll+0x24c27a]
V  [jvm.dll+0x24b671]
V  [jvm.dll+0x1d6d61]
V  [jvm.dll+0x25b0fa]
V  [jvm.dll+0x259588]
V  [jvm.dll+0x807928]
V  [jvm.dll+0x8015fa]
V  [jvm.dll+0x6ed5eb]
C  [ucrtbase.dll+0x21bb2]
C  [KERNEL32.DLL+0x17374]
C  [ntdll.dll+0x4cc91]


siginfo: EXCEPTION_ACCESS_VIOLATION (0xc0000005), data execution prevention violation at address 0x00007fff00298d60


Registers:
RAX=0x0000000000000008, RBX=0x00000000000000e4, RCX=0x000002ab6efb8fc0, RDX=0x0000000000001c82
RSP=0x000000b2fdcfba10, RBP=0x0000000000000000, RSI=0x000002ab6efb8f10, RDI=0x0000000000000001
R8 =0x000002ab6efb9070, R9 =0x0000000000000004, R10=0x00007ff835260000, R11=0x0000000000000000
R12=0x000002ab6efb6968, R13=0x000002ab6f57ee50, R14=0x000002ab6d0ed1f8, R15=0x0000000000000004
RIP=0x00007ffff441ad5a, EFLAGS=0x0000000000010293


Register to memory mapping:

RIP=0x00007ffff441ad5a jvm.dll
RAX=0x0000000000000008 is an unknown value
RBX=0x00000000000000e4 is an unknown value
RCX=0x000002ab6efb8fc0 points into unknown readable memory: 0x000002ab6efb6968 | 68 69 fb 6e ab 02 00 00
RDX=0x0000000000001c82 is an unknown value
RSP=0x000000b2fdcfba10 is pointing into the stack for thread: 0x000002ab6d409360
RBP=0x0 is NULL
RSI=0x000002ab6efb8f10 points into unknown readable memory: 0x00007ffff4c27fa8 | a8 7f c2 f4 ff 7f 00 00
RDI=0x0000000000000001 is an unknown value
R8 =0x000002ab6efb9070 points into unknown readable memory: 0x00007ffff4c27fa8 | a8 7f c2 f4 ff 7f 00 00
R9 =0x0000000000000004 is an unknown value
R10=0x00007ff835260000 VCRUNTIME140.dll
R11=0x0 is NULL
R12=0x000002ab6efb6968 points into unknown readable memory: 0x00007ffff4c27fa8 | a8 7f c2 f4 ff 7f 00 00
R13=0x000002ab6f57ee50 points into unknown readable memory: 0x0000000000000000 | 00 00 00 00 00 00 00 00
R14=0x000002ab6d0ed1f8 points into unknown readable memory: 0x00007ffff4c23890 | 90 38 c2 f4 ff 7f 00 00
R15=0x0000000000000004 is an unknown value


Top of Stack: (sp=0x000000b2fdcfba10)
0x000000b2fdcfba10:   000002ab6efb8188 0000000000000068
0x000000b2fdcfba20:   000002ab6f04eb08 000002ab6efb9070
0x000000b2fdcfba30:   000000b2fdcfbe10 0000000000000001
0x000000b2fdcfba40:   000002ab6e59fea0 000002ab6e5ab8d0
0x000000b2fdcfba50:   000002ab6e59f880 000002ab6b97d6c0
0x000000b2fdcfba60:   000002ab00000100 000002ab71020ef0
0x000000b2fdcfba70:   000002ab00000100 000002ab6b97d6c0
0x000000b2fdcfba80:   000002ab6b143430 000000b2fdcfbe10
0x000000b2fdcfba90:   000000b2fdcfbc00 000002ab6b14b418
0x000000b2fdcfbaa0:   000002ab6b14a360 000002ab6b97d6c0
0x000000b2fdcfbab0:   000002ab71ea74f0 00007ffff441a38d
0x000000b2fdcfbac0:   000000b2fdcfbc00 000002ab00000398
0x000000b2fdcfbad0:   000002ab6f57ee50 0000000000000001
0x000000b2fdcfbae0:   0000000000000000 000000b2fdcfe1e0
0x000000b2fdcfbaf0:   000002ab48286830 0000000000000068
0x000000b2fdcfbb00:   000002ab6f57ee78 00007ffff451c27a 

Instructions: (pc=0x00007ffff441ad5a)
0x00007ffff441ac5a:   00 75 29 4c 8b c6 e8 3b 1b 00 00 8b 6e 28 8d 45
0x00007ffff441ac6a:   01 89 46 28 3b 6e 18 72 0b 8b d5 48 8d 4e 10 e8
0x00007ffff441ac7a:   92 20 58 00 48 8b 46 20 48 89 3c e8 8b 6e 48 8d
0x00007ffff441ac8a:   7d 01 89 7e 48 49 8b 44 24 78 41 8b 4e 28 4c 8b
0x00007ffff441ac9a:   24 c8 8b 46 30 3b e8 0f 82 ab 00 00 00 4c 8d 76
0x00007ffff441acaa:   38 85 c0 75 42 4d 8b 0e c7 46 30 01 00 00 00 49
0x00007ffff441acba:   8b 49 18 49 8b 41 20 48 2b c1 48 83 f8 08 72 0a
0x00007ffff441acca:   48 8d 41 08 49 89 41 18 eb 12 45 33 c0 49 8b c9
0x00007ffff441acda:   41 8d 50 08 e8 bd f1 f7 ff 48 8b c8 48 89 4e 40
0x00007ffff441acea:   48 c7 01 00 00 00 00 44 8b 7e 30 85 ff 74 0a 85
0x00007ffff441acfa:   fd 75 06 4c 8d 76 38 eb 0c 0f bd cf bf 01 00 00
0x00007ffff441ad0a:   00 ff c1 d3 e7 48 8b 56 40 4a 8d 1c fd 00 00 00
0x00007ffff441ad1a:   00 49 8b 0e 4c 8b c3 44 8b cf 49 c1 e1 03 89 7e
0x00007ffff441ad2a:   30 c7 44 24 20 00 00 00 00 e8 a8 ee f7 ff 44 8b
0x00007ffff441ad3a:   46 30 33 d2 45 2b c7 48 89 46 40 49 c1 e0 03 48
0x00007ffff441ad4a:   8d 0c 03 e8 20 a3 76 00 48 8b 4e 40 4c 89 24 e9
0x00007ffff441ad5a:   4c 8b a4 24 b0 00 00 00 8b 94 24 b8 00 00 00 48
0x00007ffff441ad6a:   8b 44 24 30 be 68 00 00 00 48 3b 44 24 40 0f 83
0x00007ffff441ad7a:   12 f9 ff ff 8b c2 4c 8b 74 24 78 48 8b bc 24 80
0x00007ffff441ad8a:   00 00 00 48 8b ac 24 c0 00 00 00 4c 8b 7c 24 70
0x00007ffff441ad9a:   48 81 c4 88 00 00 00 41 5d 41 5c 5e 5b c3 8b 84
0x00007ffff441adaa:   24 b8 00 00 00 eb cf 8b c1 48 81 c4 88 00 00 00
0x00007ffff441adba:   41 5d 41 5c 5e 5b c3 cc cc cc cc cc cc cc cc cc
0x00007ffff441adca:   cc cc cc cc cc cc 8b 41 4c 85 c0 75 07 8b 05 2b
0x00007ffff441adda:   03 a1 00 c3 83 f8 01 75 07 8b 05 6f fa a0 00 c3
0x00007ffff441adea:   8b 89 8c 00 00 00 b8 01 00 00 00 85 c9 0f 45 c1
0x00007ffff441adfa:   c3 cc cc cc cc cc 48 89 5c 24 08 48 89 6c 24 10
0x00007ffff441ae0a:   48 89 74 24 18 48 89 7c 24 20 41 54 41 56 41 57
0x00007ffff441ae1a:   48 83 ec 20 44 8b 79 28 33 db 4d 8b e1 41 8b f0
0x00007ffff441ae2a:   4c 8b f2 48 8b e9 45 85 ff 74 42 33 ff 85 f6 74
0x00007ffff441ae3a:   3c 3b 5d 18 73 0a 48 8b 45 20 48 8b 0c 07 eb 02
0x00007ffff441ae4a:   33 c9 48 8b 01 49 8b d4 ff 90 a0 00 00 00 85 c0 


Stack slot to memory mapping:
stack at sp + 0 slots: 0x000002ab6efb8188 points into unknown readable memory: 0x00007ffff4be3458 | 58 34 be f4 ff 7f 00 00
stack at sp + 1 slots: 0x0000000000000068 is an unknown value
stack at sp + 2 slots: 0x000002ab6f04eb08 points into unknown readable memory: 0x00007ffff4be3bf8 | f8 3b be f4 ff 7f 00 00
stack at sp + 3 slots: 0x000002ab6efb9070 points into unknown readable memory: 0x00007ffff4c27fa8 | a8 7f c2 f4 ff 7f 00 00
stack at sp + 4 slots: 0x000000b2fdcfbe10 is pointing into the stack for thread: 0x000002ab6d409360
stack at sp + 5 slots: 0x0000000000000001 is an unknown value
stack at sp + 6 slots: 0x000002ab6e59fea0 points into unknown readable memory: 0x000002ab6d0ed1f8 | f8 d1 0e 6d ab 02 00 00
stack at sp + 7 slots: 0x000002ab6e5ab8d0 points into unknown readable memory: 0x0000000000000000 | 00 00 00 00 00 00 00 00


---------------  P R O C E S S  ---------------

Threads class SMR info:
_java_thread_list=0x000002ab6f1acd90, length=77, elements={
0x000002ab48226350, 0x000002ab66b611c0, 0x000002ab66b61fb0, 0x000002ab66b637a0,
0x000002ab66b661e0, 0x000002ab66b68c60, 0x000002ab66b69590, 0x000002ab66b709d0,
0x000002ab66b6ed00, 0x000002ab66b8fb40, 0x000002ab66b2fa50, 0x000002ab66dea770,
0x000002ab6c57a1b0, 0x000002ab6c651ff0, 0x000002ab6c7f4b60, 0x000002ab6c74b3c0,
0x000002ab6c777e10, 0x000002ab6c780610, 0x000002ab6c6a4470, 0x000002ab6c6a2f30,
0x000002ab6c6a3480, 0x000002ab6c6a2490, 0x000002ab6c6a49c0, 0x000002ab6c6a39d0,
0x000002ab6c6a4f10, 0x000002ab6c6a5460, 0x000002ab6c6a29e0, 0x000002ab6c6a59b0,
0x000002ab6d4de7e0, 0x000002ab6d4dc800, 0x000002ab6d4dad70, 0x000002ab6d4dcd50,
0x000002ab6d4df7d0, 0x000002ab6d4dd2a0, 0x000002ab6d4d7da0, 0x000002ab6d4d8840,
0x000002ab6d4db2c0, 0x000002ab6d4db810, 0x000002ab6d4dd7f0, 0x000002ab6d4dbd60,
0x000002ab6d4d8d90, 0x000002ab6d4dc2b0, 0x000002ab6d4ddd40, 0x000002ab6d4de290,
0x000002ab6d4da2d0, 0x000002ab6d4df280, 0x000002ab6d4d92e0, 0x000002ab6d4da820,
0x000002ab6dfbea50, 0x000002ab6dfc34b0, 0x000002ab6dfc3a00, 0x000002ab6dfc1f70,
0x000002ab6dfbefa0, 0x000002ab6dfc3f50, 0x000002ab6dfc0f80, 0x000002ab6dfbda60,
0x000002ab6dfc2a10, 0x000002ab6d409360, 0x000002ab702f74d0, 0x000002ab6dfc1a20,
0x000002ab6dfc2f60, 0x000002ab7199ba90, 0x000002ab71999ab0, 0x000002ab71999560,
0x000002ab7199bfe0, 0x000002ab719945b0, 0x000002ab71994b00, 0x000002ab71995af0,
0x000002ab71995050, 0x000002ab71996590, 0x000002ab7199a000, 0x000002ab7199aaa0,
0x000002ab71998ac0, 0x000002ab719955a0, 0x000002ab7199aff0, 0x000002ab71997030,
0x000002ab71997580
}

Java Threads: ( => current thread )
  0x000002ab48226350 JavaThread "main" [_thread_blocked, id=19136, stack(0x000000b2f9400000,0x000000b2f9500000)]
  0x000002ab66b611c0 JavaThread "Reference Handler" daemon [_thread_blocked, id=10604, stack(0x000000b2f9b00000,0x000000b2f9c00000)]
  0x000002ab66b61fb0 JavaThread "Finalizer" daemon [_thread_blocked, id=1312, stack(0x000000b2f9c00000,0x000000b2f9d00000)]
  0x000002ab66b637a0 JavaThread "Signal Dispatcher" daemon [_thread_blocked, id=23140, stack(0x000000b2f9d00000,0x000000b2f9e00000)]
  0x000002ab66b661e0 JavaThread "Attach Listener" daemon [_thread_blocked, id=22352, stack(0x000000b2f9e00000,0x000000b2f9f00000)]
  0x000002ab66b68c60 JavaThread "Service Thread" daemon [_thread_blocked, id=16636, stack(0x000000b2f9f00000,0x000000b2fa000000)]
  0x000002ab66b69590 JavaThread "Monitor Deflation Thread" daemon [_thread_blocked, id=18128, stack(0x000000b2fa000000,0x000000b2fa100000)]
  0x000002ab66b709d0 JavaThread "C2 CompilerThread0" daemon [_thread_in_native, id=2828, stack(0x000000b2fa100000,0x000000b2fa200000)]
  0x000002ab66b6ed00 JavaThread "C1 CompilerThread0" daemon [_thread_blocked, id=17680, stack(0x000000b2fa200000,0x000000b2fa300000)]
  0x000002ab66b8fb40 JavaThread "Sweeper thread" daemon [_thread_blocked, id=11004, stack(0x000000b2fa300000,0x000000b2fa400000)]
  0x000002ab66b2fa50 JavaThread "Common-Cleaner" daemon [_thread_blocked, id=11420, stack(0x000000b2fa400000,0x000000b2fa500000)]
  0x000002ab66dea770 JavaThread "Notification Thread" daemon [_thread_blocked, id=14020, stack(0x000000b2fa500000,0x000000b2fa600000)]
  0x000002ab6c57a1b0 JavaThread "Daemon health stats" [_thread_blocked, id=2428, stack(0x000000b2fa800000,0x000000b2fa900000)]
  0x000002ab6c651ff0 JavaThread "Incoming local TCP Connector on port 2453" [_thread_in_native, id=16220, stack(0x000000b2fa700000,0x000000b2fa800000)]
  0x000002ab6c7f4b60 JavaThread "Daemon periodic checks" [_thread_blocked, id=924, stack(0x000000b2fae00000,0x000000b2faf00000)]
  0x000002ab6c74b3c0 JavaThread "Daemon" [_thread_blocked, id=18744, stack(0x000000b2faf00000,0x000000b2fb000000)]
  0x000002ab6c777e10 JavaThread "Handler for socket connection from /127.0.0.1:2453 to /127.0.0.1:2454" [_thread_in_native, id=4724, stack(0x000000b2fb000000,0x000000b2fb100000)]
  0x000002ab6c780610 JavaThread "Cancel handler" [_thread_blocked, id=21864, stack(0x000000b2fb100000,0x000000b2fb200000)]
  0x000002ab6c6a4470 JavaThread "Daemon worker" [_thread_blocked, id=22544, stack(0x000000b2fb200000,0x000000b2fb300000)]
  0x000002ab6c6a2f30 JavaThread "Asynchronous log dispatcher for DefaultDaemonConnection: socket connection from /127.0.0.1:2453 to /127.0.0.1:2454" [_thread_blocked, id=13408, stack(0x000000b2fb300000,0x000000b2fb400000)]
  0x000002ab6c6a3480 JavaThread "Stdin handler" [_thread_blocked, id=8120, stack(0x000000b2fb400000,0x000000b2fb500000)]
  0x000002ab6c6a2490 JavaThread "Daemon client event forwarder" [_thread_blocked, id=18460, stack(0x000000b2fb500000,0x000000b2fb600000)]
  0x000002ab6c6a49c0 JavaThread "Cache worker for journal cache (C:\Users\blackpc\.jdks\corretto-1.8.0_362\caches\journal-1)" [_thread_blocked, id=23120, stack(0x000000b2fb600000,0x000000b2fb700000)]
  0x000002ab6c6a39d0 JavaThread "File lock request listener" [_thread_in_native, id=22920, stack(0x000000b2fb700000,0x000000b2fb800000)]
  0x000002ab6c6a4f10 JavaThread "Cache worker for file hash cache (C:\Users\blackpc\.jdks\corretto-1.8.0_362\caches\8.9\fileHashes)" [_thread_in_native, id=23072, stack(0x000000b2fb800000,0x000000b2fb900000)]
  0x000002ab6c6a5460 JavaThread "Cache worker for file hash cache (D:\android\Bebecho\Bebecho\.gradle\8.9\fileHashes)" [_thread_blocked, id=12204, stack(0x000000b2fbe00000,0x000000b2fbf00000)]
  0x000002ab6c6a29e0 JavaThread "Cache worker for Build Output Cleanup Cache (D:\android\Bebecho\Bebecho\.gradle\buildOutputCleanup)" [_thread_blocked, id=23108, stack(0x000000b2fbf00000,0x000000b2fc000000)]
  0x000002ab6c6a59b0 JavaThread "File watcher server" daemon [_thread_in_native, id=916, stack(0x000000b2fc000000,0x000000b2fc100000)]
  0x000002ab6d4de7e0 JavaThread "File watcher consumer" daemon [_thread_blocked, id=12140, stack(0x000000b2fc100000,0x000000b2fc200000)]
  0x000002ab6d4dc800 JavaThread "Cache worker for checksums cache (D:\android\Bebecho\Bebecho\.gradle\8.9\checksums)" [_thread_blocked, id=22788, stack(0x000000b2fc200000,0x000000b2fc300000)]
  0x000002ab6d4dad70 JavaThread "Cache worker for file content cache (C:\Users\blackpc\.jdks\corretto-1.8.0_362\caches\8.9\fileContent)" [_thread_blocked, id=23196, stack(0x000000b2fc300000,0x000000b2fc400000)]
  0x000002ab6d4dcd50 JavaThread "Cache worker for cache directory md-rule (C:\Users\blackpc\.jdks\corretto-1.8.0_362\caches\8.9\md-rule)" [_thread_blocked, id=19788, stack(0x000000b2fc400000,0x000000b2fc500000)]
  0x000002ab6d4df7d0 JavaThread "Cache worker for cache directory md-supplier (C:\Users\blackpc\.jdks\corretto-1.8.0_362\caches\8.9\md-supplier)" [_thread_blocked, id=23124, stack(0x000000b2fc500000,0x000000b2fc600000)]
  0x000002ab6d4dd2a0 JavaThread "Unconstrained build operations" [_thread_blocked, id=9936, stack(0x000000b2fba00000,0x000000b2fbb00000)]
  0x000002ab6d4d7da0 JavaThread "Unconstrained build operations Thread 2" [_thread_blocked, id=20792, stack(0x000000b2fc700000,0x000000b2fc800000)]
  0x000002ab6d4d8840 JavaThread "Unconstrained build operations Thread 3" [_thread_blocked, id=22472, stack(0x000000b2fc800000,0x000000b2fc900000)]
  0x000002ab6d4db2c0 JavaThread "Unconstrained build operations Thread 4" [_thread_blocked, id=22280, stack(0x000000b2fc900000,0x000000b2fca00000)]
  0x000002ab6d4db810 JavaThread "Unconstrained build operations Thread 5" [_thread_blocked, id=23504, stack(0x000000b2fca00000,0x000000b2fcb00000)]
  0x000002ab6d4dd7f0 JavaThread "Unconstrained build operations Thread 6" [_thread_blocked, id=6548, stack(0x000000b2fcb00000,0x000000b2fcc00000)]
  0x000002ab6d4dbd60 JavaThread "Unconstrained build operations Thread 7" [_thread_blocked, id=21832, stack(0x000000b2fcc00000,0x000000b2fcd00000)]
  0x000002ab6d4d8d90 JavaThread "Unconstrained build operations Thread 8" [_thread_blocked, id=20580, stack(0x000000b2fcd00000,0x000000b2fce00000)]
  0x000002ab6d4dc2b0 JavaThread "Unconstrained build operations Thread 9" [_thread_blocked, id=21384, stack(0x000000b2fce00000,0x000000b2fcf00000)]
  0x000002ab6d4ddd40 JavaThread "Unconstrained build operations Thread 10" [_thread_blocked, id=22324, stack(0x000000b2fcf00000,0x000000b2fd000000)]
  0x000002ab6d4de290 JavaThread "Unconstrained build operations Thread 11" [_thread_blocked, id=20712, stack(0x000000b2fd000000,0x000000b2fd100000)]
  0x000002ab6d4da2d0 JavaThread "Unconstrained build operations Thread 12" [_thread_blocked, id=20740, stack(0x000000b2fd100000,0x000000b2fd200000)]
  0x000002ab6d4df280 JavaThread "Unconstrained build operations Thread 13" [_thread_blocked, id=15800, stack(0x000000b2fd200000,0x000000b2fd300000)]
  0x000002ab6d4d92e0 JavaThread "Unconstrained build operations Thread 14" [_thread_blocked, id=5324, stack(0x000000b2fd300000,0x000000b2fd400000)]
  0x000002ab6d4da820 JavaThread "Unconstrained build operations Thread 15" [_thread_blocked, id=21544, stack(0x000000b2fd400000,0x000000b2fd500000)]
  0x000002ab6dfbea50 JavaThread "Unconstrained build operations Thread 16" [_thread_blocked, id=8636, stack(0x000000b2fd500000,0x000000b2fd600000)]
  0x000002ab6dfc34b0 JavaThread "Unconstrained build operations Thread 17" [_thread_blocked, id=21076, stack(0x000000b2fd600000,0x000000b2fd700000)]
  0x000002ab6dfc3a00 JavaThread "Unconstrained build operations Thread 18" [_thread_blocked, id=16704, stack(0x000000b2fd700000,0x000000b2fd800000)]
  0x000002ab6dfc1f70 JavaThread "Unconstrained build operations Thread 19" [_thread_blocked, id=1404, stack(0x000000b2fd800000,0x000000b2fd900000)]
  0x000002ab6dfbefa0 JavaThread "Unconstrained build operations Thread 20" [_thread_blocked, id=13532, stack(0x000000b2fd900000,0x000000b2fda00000)]
  0x000002ab6dfc3f50 JavaThread "Unconstrained build operations Thread 21" [_thread_blocked, id=7164, stack(0x000000b2fda00000,0x000000b2fdb00000)]
  0x000002ab6dfc0f80 JavaThread "build event listener" [_thread_blocked, id=5348, stack(0x000000b2fb900000,0x000000b2fba00000)]
  0x000002ab6dfbda60 JavaThread "Memory manager" [_thread_blocked, id=10392, stack(0x000000b2fdb00000,0x000000b2fdc00000)]
  0x000002ab6dfc2a10 JavaThread "build event listener" [_thread_blocked, id=9468, stack(0x000000b2fdd00000,0x000000b2fde00000)]
=>0x000002ab6d409360 JavaThread "C2 CompilerThread1" daemon [_thread_in_native, id=21472, stack(0x000000b2fdc00000,0x000000b2fdd00000)]
  0x000002ab702f74d0 JavaThread "C2 CompilerThread2" daemon [_thread_in_native, id=13404, stack(0x000000b2fde00000,0x000000b2fdf00000)]
  0x000002ab6dfc1a20 JavaThread "pool-3-thread-1" [_thread_blocked, id=10772, stack(0x000000b2fdf00000,0x000000b2fe000000)]
  0x000002ab6dfc2f60 JavaThread "build event listener" [_thread_blocked, id=12212, stack(0x000000b2fe000000,0x000000b2fe100000)]
  0x000002ab7199ba90 JavaThread "included builds" [_thread_blocked, id=19060, stack(0x000000b2fe100000,0x000000b2fe200000)]
  0x000002ab71999ab0 JavaThread "Execution worker" [_thread_in_native, id=4492, stack(0x000000b2fe200000,0x000000b2fe300000)]
  0x000002ab71999560 JavaThread "Execution worker Thread 2" [_thread_blocked, id=11372, stack(0x000000b2fe300000,0x000000b2fe400000)]
  0x000002ab7199bfe0 JavaThread "Execution worker Thread 3" [_thread_blocked, id=11788, stack(0x000000b2fe400000,0x000000b2fe500000)]
  0x000002ab719945b0 JavaThread "Execution worker Thread 4" [_thread_blocked, id=16228, stack(0x000000b2fe500000,0x000000b2fe600000)]
  0x000002ab71994b00 JavaThread "Execution worker Thread 5" [_thread_blocked, id=23472, stack(0x000000b2fe600000,0x000000b2fe700000)]
  0x000002ab71995af0 JavaThread "Execution worker Thread 6" [_thread_blocked, id=20708, stack(0x000000b2fe700000,0x000000b2fe800000)]
  0x000002ab71995050 JavaThread "Execution worker Thread 7" [_thread_blocked, id=1492, stack(0x000000b2fe800000,0x000000b2fe900000)]
  0x000002ab71996590 JavaThread "Cache worker for execution history cache (D:\android\Bebecho\Bebecho\.gradle\8.9\executionHistory)" [_thread_blocked, id=16376, stack(0x000000b2fe900000,0x000000b2fea00000)]
  0x000002ab7199a000 JavaThread "Unconstrained build operations Thread 22" [_thread_in_Java, id=22212, stack(0x000000b2fea00000,0x000000b2feb00000)]
  0x000002ab7199aaa0 JavaThread "Unconstrained build operations Thread 23" [_thread_blocked, id=13936, stack(0x000000b2feb00000,0x000000b2fec00000)]
  0x000002ab71998ac0 JavaThread "Unconstrained build operations Thread 24" [_thread_blocked, id=19712, stack(0x000000b2fec00000,0x000000b2fed00000)]
  0x000002ab719955a0 JavaThread "Unconstrained build operations Thread 25" [_thread_blocked, id=21804, stack(0x000000b2fed00000,0x000000b2fee00000)]
  0x000002ab7199aff0 JavaThread "Unconstrained build operations Thread 26" [_thread_in_native, id=21896, stack(0x000000b2fee00000,0x000000b2fef00000)]
  0x000002ab71997030 JavaThread "Unconstrained build operations Thread 27" [_thread_blocked, id=22672, stack(0x000000b2fef00000,0x000000b2ff000000)]
  0x000002ab71997580 JavaThread "Unconstrained build operations Thread 28" [_thread_blocked, id=22312, stack(0x000000b2ff000000,0x000000b2ff100000)]

Other Threads:
  0x000002ab66b3ecd0 VMThread "VM Thread" [stack: 0x000000b2f9a00000,0x000000b2f9b00000] [id=19724]
  0x000002ab48227180 WatcherThread "VM Periodic Task Thread" [stack: 0x000000b2fa600000,0x000000b2fa700000] [id=9008]
  0x000002ab48286330 WorkerThread "GC Thread#0" [stack: 0x000000b2f9500000,0x000000b2f9600000] [id=18808]
  0x000002ab6b1b83f0 WorkerThread "GC Thread#1" [stack: 0x000000b2fa900000,0x000000b2faa00000] [id=22908]
  0x000002ab6b1b86c0 WorkerThread "GC Thread#2" [stack: 0x000000b2faa00000,0x000000b2fab00000] [id=13620]
  0x000002ab6b7fb860 WorkerThread "GC Thread#3" [stack: 0x000000b2fab00000,0x000000b2fac00000] [id=20640]
  0x000002ab6b7fc940 WorkerThread "GC Thread#4" [stack: 0x000000b2fac00000,0x000000b2fad00000] [id=8976]
  0x000002ab6b7fad20 WorkerThread "GC Thread#5" [stack: 0x000000b2fad00000,0x000000b2fae00000] [id=21716]
  0x000002ab6c896a30 WorkerThread "GC Thread#6" [stack: 0x000000b2fbb00000,0x000000b2fbc00000] [id=23104]
  0x000002ab6c897840 WorkerThread "GC Thread#7" [stack: 0x000000b2fbc00000,0x000000b2fbd00000] [id=23292]
  0x000002ab48298350 ConcurrentGCThread "G1 Main Marker" [stack: 0x000000b2f9600000,0x000000b2f9700000] [id=11024]
  0x000002ab48299430 WorkerThread "G1 Conc#0" [stack: 0x000000b2f9700000,0x000000b2f9800000] [id=13308]
  0x000002ab6c898920 WorkerThread "G1 Conc#1" [stack: 0x000000b2fbd00000,0x000000b2fbe00000] [id=11392]
  0x000002ab669fa630 ConcurrentGCThread "G1 Refine#0" [stack: 0x000000b2f9800000,0x000000b2f9900000] [id=12132]
  0x000002ab669fb080 ConcurrentGCThread "G1 Service" [stack: 0x000000b2f9900000,0x000000b2f9a00000] [id=23132]

Threads with active compile tasks:
C2 CompilerThread0    28239 13671       4       org.gradle.cache.internal.DefaultMultiProcessSafeIndexedCache::put (23 bytes)
C2 CompilerThread1    28239 13647   !   4       org.gradle.cache.internal.DefaultFileLockManager$DefaultFileLock::doWriteAction (66 bytes)
C2 CompilerThread2    28239 13672       4       org.gradle.cache.internal.DefaultMultiProcessSafeIndexedCache$$Lambda$580/0x00000008015aa440::run (16 bytes)

VM state: not at safepoint (normal execution)

VM Mutex/Monitor currently owned by a thread: None

Heap address: 0x0000000080000000, size: 2048 MB, Compressed Oops mode: 32-bit

CDS archive(s) mapped at: [0x0000000800000000-0x0000000800c40000-0x0000000800c40000), size 12845056, SharedBaseAddress: 0x0000000800000000, ArchiveRelocationMode: 0.
Compressed class space mapped at: 0x0000000801000000-0x0000000841000000, reserved size: 1073741824
Narrow klass base: 0x0000000800000000, Narrow klass shift: 0, Narrow klass range: 0x100000000

GC Precious Log:
 CardTable entry size: 512
 Card Set container configuration: InlinePtr #cards 5 size 8 Array Of Cards #cards 12 size 40 Howl #buckets 4 coarsen threshold 1843 Howl Bitmap #cards 512 size 80 coarsen threshold 460 Card regions per heap region 1 cards per card region 2048
 CPUs: 8 total, 8 available
 Memory: 16325M
 Large Page Support: Disabled
 NUMA Support: Disabled
 Compressed Oops: Enabled (32-bit)
 Heap Region Size: 1M
 Heap Min Capacity: 8M
 Heap Initial Capacity: 256M
 Heap Max Capacity: 2G
 Pre-touch: Disabled
 Parallel Workers: 8
 Concurrent Workers: 2
 Concurrent Refinement Workers: 8
 Periodic GC: Disabled

Heap:
 garbage-first heap   total 198656K, used 118873K [0x0000000080000000, 0x0000000100000000)
  region size 1024K, 6 young (6144K), 1 survivors (1024K)
 Metaspace       used 107526K, committed 109760K, reserved 1179648K
  class space    used 14444K, committed 15616K, reserved 1048576K

Heap Regions: E=young(eden), S=young(survivor), O=old, HS=humongous(starts), HC=humongous(continues), CS=collection set, F=free, OA=open archive, CA=closed archive, TAMS=top-at-mark-start (previous, next)
|   0|0x0000000080000000, 0x0000000080100000, 0x0000000080100000|100%|HS|  |TAMS 0x0000000080100000, 0x0000000080000000| Complete 
|   1|0x0000000080100000, 0x0000000080200000, 0x0000000080200000|100%|HC|  |TAMS 0x0000000080200000, 0x0000000080100000| Complete 
|   2|0x0000000080200000, 0x0000000080300000, 0x0000000080300000|100%|HC|  |TAMS 0x0000000080300000, 0x0000000080200000| Complete 
|   3|0x0000000080300000, 0x0000000080400000, 0x0000000080400000|100%|HC|  |TAMS 0x0000000080400000, 0x0000000080300000| Complete 
|   4|0x0000000080400000, 0x0000000080500000, 0x0000000080500000|100%| O|  |TAMS 0x0000000080500000, 0x0000000080400000| Untracked 
|   5|0x0000000080500000, 0x0000000080600000, 0x0000000080600000|100%| O|  |TAMS 0x0000000080600000, 0x0000000080500000| Untracked 
|   6|0x0000000080600000, 0x0000000080700000, 0x0000000080700000|100%| O|  |TAMS 0x0000000080700000, 0x0000000080600000| Untracked 
|   7|0x0000000080700000, 0x0000000080800000, 0x0000000080800000|100%| O|  |TAMS 0x0000000080800000, 0x0000000080700000| Untracked 
|   8|0x0000000080800000, 0x0000000080900000, 0x0000000080900000|100%| O|  |TAMS 0x0000000080900000, 0x0000000080800000| Untracked 
|   9|0x0000000080900000, 0x0000000080a00000, 0x0000000080a00000|100%| O|  |TAMS 0x0000000080a00000, 0x0000000080900000| Untracked 
|  10|0x0000000080a00000, 0x0000000080b00000, 0x0000000080b00000|100%|HS|  |TAMS 0x0000000080b00000, 0x0000000080a00000| Complete 
|  11|0x0000000080b00000, 0x0000000080c00000, 0x0000000080c00000|100%| O|  |TAMS 0x0000000080c00000, 0x0000000080b00000| Untracked 
|  12|0x0000000080c00000, 0x0000000080d00000, 0x0000000080d00000|100%| O|  |TAMS 0x0000000080d00000, 0x0000000080c00000| Untracked 
|  13|0x0000000080d00000, 0x0000000080e00000, 0x0000000080e00000|100%| O|  |TAMS 0x0000000080e00000, 0x0000000080d00000| Untracked 
|  14|0x0000000080e00000, 0x0000000080f00000, 0x0000000080f00000|100%| O|  |TAMS 0x0000000080f00000, 0x0000000080e00000| Untracked 
|  15|0x0000000080f00000, 0x0000000081000000, 0x0000000081000000|100%| O|  |TAMS 0x0000000081000000, 0x0000000080f00000| Untracked 
|  16|0x0000000081000000, 0x0000000081100000, 0x0000000081100000|100%| O|  |TAMS 0x0000000081100000, 0x0000000081000000| Untracked 
|  17|0x0000000081100000, 0x0000000081200000, 0x0000000081200000|100%| O|  |TAMS 0x0000000081200000, 0x0000000081100000| Untracked 
|  18|0x0000000081200000, 0x0000000081300000, 0x0000000081300000|100%| O|  |TAMS 0x0000000081300000, 0x0000000081200000| Untracked 
|  19|0x0000000081300000, 0x0000000081400000, 0x0000000081400000|100%| O|  |TAMS 0x0000000081400000, 0x0000000081300000| Untracked 
|  20|0x0000000081400000, 0x0000000081500000, 0x0000000081500000|100%| O|  |TAMS 0x0000000081500000, 0x0000000081400000| Untracked 
|  21|0x0000000081500000, 0x0000000081600000, 0x0000000081600000|100%| O|  |TAMS 0x0000000081600000, 0x0000000081500000| Untracked 
|  22|0x0000000081600000, 0x0000000081700000, 0x0000000081700000|100%| O|  |TAMS 0x0000000081700000, 0x0000000081600000| Untracked 
|  23|0x0000000081700000, 0x0000000081800000, 0x0000000081800000|100%| O|  |TAMS 0x0000000081800000, 0x0000000081700000| Untracked 
|  24|0x0000000081800000, 0x0000000081900000, 0x0000000081900000|100%| O|  |TAMS 0x0000000081900000, 0x0000000081800000| Untracked 
|  25|0x0000000081900000, 0x0000000081a00000, 0x0000000081a00000|100%| O|  |TAMS 0x0000000081a00000, 0x0000000081900000| Untracked 
|  26|0x0000000081a00000, 0x0000000081b00000, 0x0000000081b00000|100%| O|  |TAMS 0x0000000081b00000, 0x0000000081a00000| Untracked 
|  27|0x0000000081b00000, 0x0000000081c00000, 0x0000000081c00000|100%| O|  |TAMS 0x0000000081c00000, 0x0000000081b00000| Untracked 
|  28|0x0000000081c00000, 0x0000000081d00000, 0x0000000081d00000|100%| O|  |TAMS 0x0000000081d00000, 0x0000000081c00000| Untracked 
|  29|0x0000000081d00000, 0x0000000081e00000, 0x0000000081e00000|100%| O|  |TAMS 0x0000000081e00000, 0x0000000081d00000| Untracked 
|  30|0x0000000081e00000, 0x0000000081f00000, 0x0000000081f00000|100%| O|  |TAMS 0x0000000081f00000, 0x0000000081e00000| Untracked 
|  31|0x0000000081f00000, 0x0000000082000000, 0x0000000082000000|100%| O|  |TAMS 0x0000000082000000, 0x0000000081f00000| Untracked 
|  32|0x0000000082000000, 0x0000000082100000, 0x0000000082100000|100%| O|  |TAMS 0x0000000082100000, 0x0000000082000000| Untracked 
|  33|0x0000000082100000, 0x0000000082200000, 0x0000000082200000|100%| O|  |TAMS 0x0000000082200000, 0x0000000082100000| Untracked 
|  34|0x0000000082200000, 0x0000000082300000, 0x0000000082300000|100%|HS|  |TAMS 0x0000000082300000, 0x0000000082200000| Complete 
|  35|0x0000000082300000, 0x0000000082400000, 0x0000000082400000|100%| O|  |TAMS 0x0000000082400000, 0x0000000082300000| Untracked 
|  36|0x0000000082400000, 0x0000000082500000, 0x0000000082500000|100%| O|  |TAMS 0x0000000082500000, 0x0000000082400000| Untracked 
|  37|0x0000000082500000, 0x0000000082600000, 0x0000000082600000|100%| O|  |TAMS 0x0000000082600000, 0x0000000082500000| Untracked 
|  38|0x0000000082600000, 0x0000000082700000, 0x0000000082700000|100%| O|  |TAMS 0x0000000082700000, 0x0000000082600000| Untracked 
|  39|0x0000000082700000, 0x0000000082800000, 0x0000000082800000|100%| O|  |TAMS 0x0000000082800000, 0x0000000082700000| Untracked 
|  40|0x0000000082800000, 0x0000000082900000, 0x0000000082900000|100%| O|  |TAMS 0x0000000082900000, 0x0000000082800000| Untracked 
|  41|0x0000000082900000, 0x0000000082a00000, 0x0000000082a00000|100%| O|  |TAMS 0x0000000082a00000, 0x0000000082900000| Untracked 
|  42|0x0000000082a00000, 0x0000000082b00000, 0x0000000082b00000|100%| O|  |TAMS 0x0000000082b00000, 0x0000000082a00000| Untracked 
|  43|0x0000000082b00000, 0x0000000082c00000, 0x0000000082c00000|100%| O|  |TAMS 0x0000000082b00000, 0x0000000082b00000| Untracked 
|  44|0x0000000082c00000, 0x0000000082d00000, 0x0000000082d00000|100%| O|  |TAMS 0x0000000082d00000, 0x0000000082c00000| Untracked 
|  45|0x0000000082d00000, 0x0000000082e00000, 0x0000000082e00000|100%| O|  |TAMS 0x0000000082e00000, 0x0000000082d00000| Untracked 
|  46|0x0000000082e00000, 0x0000000082f00000, 0x0000000082f00000|100%| O|  |TAMS 0x0000000082f00000, 0x0000000082e00000| Untracked 
|  47|0x0000000082f00000, 0x0000000083000000, 0x0000000083000000|100%| O|  |TAMS 0x0000000083000000, 0x0000000082f00000| Untracked 
|  48|0x0000000083000000, 0x0000000083100000, 0x0000000083100000|100%| O|  |TAMS 0x0000000083000000, 0x0000000083000000| Untracked 
|  49|0x0000000083100000, 0x0000000083200000, 0x0000000083200000|100%|HS|  |TAMS 0x0000000083200000, 0x0000000083100000| Complete 
|  50|0x0000000083200000, 0x0000000083300000, 0x0000000083300000|100%|HS|  |TAMS 0x0000000083300000, 0x0000000083200000| Complete 
|  51|0x0000000083300000, 0x0000000083400000, 0x0000000083400000|100%|HC|  |TAMS 0x0000000083400000, 0x0000000083300000| Complete 
|  52|0x0000000083400000, 0x0000000083500000, 0x0000000083500000|100%|HS|  |TAMS 0x0000000083500000, 0x0000000083400000| Complete 
|  53|0x0000000083500000, 0x0000000083600000, 0x0000000083600000|100%|HS|  |TAMS 0x0000000083600000, 0x0000000083500000| Complete 
|  54|0x0000000083600000, 0x0000000083700000, 0x0000000083700000|100%|HC|  |TAMS 0x0000000083700000, 0x0000000083600000| Complete 
|  55|0x0000000083700000, 0x0000000083800000, 0x0000000083800000|100%|HC|  |TAMS 0x0000000083800000, 0x0000000083700000| Complete 
|  56|0x0000000083800000, 0x0000000083900000, 0x0000000083900000|100%|HS|  |TAMS 0x0000000083900000, 0x0000000083800000| Complete 
|  57|0x0000000083900000, 0x0000000083a00000, 0x0000000083a00000|100%| O|  |TAMS 0x0000000083a00000, 0x0000000083900000| Untracked 
|  58|0x0000000083a00000, 0x0000000083b00000, 0x0000000083b00000|100%|HS|  |TAMS 0x0000000083b00000, 0x0000000083a00000| Complete 
|  59|0x0000000083b00000, 0x0000000083c00000, 0x0000000083c00000|100%|HC|  |TAMS 0x0000000083c00000, 0x0000000083b00000| Complete 
|  60|0x0000000083c00000, 0x0000000083d00000, 0x0000000083d00000|100%|HS|  |TAMS 0x0000000083d00000, 0x0000000083c00000| Complete 
|  61|0x0000000083d00000, 0x0000000083e00000, 0x0000000083e00000|100%|HS|  |TAMS 0x0000000083e00000, 0x0000000083d00000| Complete 
|  62|0x0000000083e00000, 0x0000000083e00000, 0x0000000083f00000|  0%| F|  |TAMS 0x0000000083e00000, 0x0000000083e00000| Untracked 
|  63|0x0000000083f00000, 0x0000000083f00000, 0x0000000084000000|  0%| F|  |TAMS 0x0000000083f00000, 0x0000000083f00000| Untracked 
|  64|0x0000000084000000, 0x0000000084100000, 0x0000000084100000|100%| O|  |TAMS 0x0000000084100000, 0x0000000084000000| Untracked 
|  65|0x0000000084100000, 0x0000000084200000, 0x0000000084200000|100%| O|  |TAMS 0x0000000084200000, 0x0000000084100000| Untracked 
|  66|0x0000000084200000, 0x0000000084300000, 0x0000000084300000|100%| O|  |TAMS 0x0000000084300000, 0x0000000084200000| Untracked 
|  67|0x0000000084300000, 0x0000000084400000, 0x0000000084400000|100%| O|  |TAMS 0x0000000084400000, 0x0000000084300000| Untracked 
|  68|0x0000000084400000, 0x0000000084500000, 0x0000000084500000|100%| O|  |TAMS 0x0000000084500000, 0x0000000084400000| Untracked 
|  69|0x0000000084500000, 0x0000000084600000, 0x0000000084600000|100%| O|  |TAMS 0x0000000084600000, 0x0000000084500000| Untracked 
|  70|0x0000000084600000, 0x0000000084700000, 0x0000000084700000|100%| O|  |TAMS 0x0000000084700000, 0x0000000084600000| Untracked 
|  71|0x0000000084700000, 0x0000000084800000, 0x0000000084800000|100%| O|  |TAMS 0x0000000084800000, 0x0000000084700000| Untracked 
|  72|0x0000000084800000, 0x0000000084900000, 0x0000000084900000|100%|HS|  |TAMS 0x0000000084900000, 0x0000000084800000| Complete 
|  73|0x0000000084900000, 0x0000000084a00000, 0x0000000084a00000|100%| O|  |TAMS 0x0000000084a00000, 0x0000000084900000| Untracked 
|  74|0x0000000084a00000, 0x0000000084b00000, 0x0000000084b00000|100%| O|  |TAMS 0x0000000084b00000, 0x0000000084a00000| Untracked 
|  75|0x0000000084b00000, 0x0000000084c00000, 0x0000000084c00000|100%| O|  |TAMS 0x0000000084c00000, 0x0000000084b00000| Untracked 
|  76|0x0000000084c00000, 0x0000000084d00000, 0x0000000084d00000|100%| O|  |TAMS 0x0000000084d00000, 0x0000000084c00000| Untracked 
|  77|0x0000000084d00000, 0x0000000084e00000, 0x0000000084e00000|100%| O|  |TAMS 0x0000000084e00000, 0x0000000084d00000| Untracked 
|  78|0x0000000084e00000, 0x0000000084f00000, 0x0000000084f00000|100%| O|  |TAMS 0x0000000084f00000, 0x0000000084e00000| Untracked 
|  79|0x0000000084f00000, 0x0000000085000000, 0x0000000085000000|100%| O|  |TAMS 0x0000000085000000, 0x0000000084f00000| Untracked 
|  80|0x0000000085000000, 0x0000000085100000, 0x0000000085100000|100%| O|  |TAMS 0x0000000085100000, 0x0000000085000000| Untracked 
|  81|0x0000000085100000, 0x0000000085200000, 0x0000000085200000|100%| O|  |TAMS 0x0000000085200000, 0x0000000085100000| Untracked 
|  82|0x0000000085200000, 0x0000000085300000, 0x0000000085300000|100%| O|  |TAMS 0x0000000085300000, 0x0000000085200000| Untracked 
|  83|0x0000000085300000, 0x0000000085400000, 0x0000000085400000|100%| O|  |TAMS 0x0000000085400000, 0x0000000085300000| Untracked 
|  84|0x0000000085400000, 0x0000000085500000, 0x0000000085500000|100%|HS|  |TAMS 0x0000000085500000, 0x0000000085400000| Complete 
|  85|0x0000000085500000, 0x0000000085600000, 0x0000000085600000|100%|HC|  |TAMS 0x0000000085600000, 0x0000000085500000| Complete 
|  86|0x0000000085600000, 0x0000000085700000, 0x0000000085700000|100%|HC|  |TAMS 0x0000000085700000, 0x0000000085600000| Complete 
|  87|0x0000000085700000, 0x0000000085800000, 0x0000000085800000|100%| O|  |TAMS 0x0000000085800000, 0x0000000085700000| Untracked 
|  88|0x0000000085800000, 0x0000000085900000, 0x0000000085900000|100%| O|  |TAMS 0x0000000085900000, 0x0000000085800000| Untracked 
|  89|0x0000000085900000, 0x0000000085a00000, 0x0000000085a00000|100%| O|  |TAMS 0x0000000085a00000, 0x0000000085900000| Untracked 
|  90|0x0000000085a00000, 0x0000000085b00000, 0x0000000085b00000|100%| O|  |TAMS 0x0000000085b00000, 0x0000000085a00000| Untracked 
|  91|0x0000000085b00000, 0x0000000085c00000, 0x0000000085c00000|100%| O|  |TAMS 0x0000000085c00000, 0x0000000085b00000| Untracked 
|  92|0x0000000085c00000, 0x0000000085d00000, 0x0000000085d00000|100%| O|  |TAMS 0x0000000085d00000, 0x0000000085c00000| Untracked 
|  93|0x0000000085d00000, 0x0000000085e00000, 0x0000000085e00000|100%| O|  |TAMS 0x0000000085e00000, 0x0000000085d00000| Untracked 
|  94|0x0000000085e00000, 0x0000000085f00000, 0x0000000085f00000|100%| O|  |TAMS 0x0000000085f00000, 0x0000000085e00000| Untracked 
|  95|0x0000000085f00000, 0x0000000086000000, 0x0000000086000000|100%| O|  |TAMS 0x0000000086000000, 0x0000000085f00000| Untracked 
|  96|0x0000000086000000, 0x0000000086100000, 0x0000000086100000|100%| O|  |TAMS 0x0000000086100000, 0x0000000086000000| Untracked 
|  97|0x0000000086100000, 0x0000000086200000, 0x0000000086200000|100%| O|  |TAMS 0x0000000086200000, 0x0000000086100000| Untracked 
|  98|0x0000000086200000, 0x0000000086300000, 0x0000000086300000|100%| O|  |TAMS 0x0000000086300000, 0x0000000086200000| Untracked 
|  99|0x0000000086300000, 0x0000000086400000, 0x0000000086400000|100%| O|  |TAMS 0x0000000086400000, 0x0000000086300000| Untracked 
| 100|0x0000000086400000, 0x0000000086500000, 0x0000000086500000|100%| O|  |TAMS 0x0000000086500000, 0x0000000086400000| Untracked 
| 101|0x0000000086500000, 0x0000000086600000, 0x0000000086600000|100%| O|  |TAMS 0x0000000086574600, 0x0000000086500000| Untracked 
| 102|0x0000000086600000, 0x0000000086700000, 0x0000000086700000|100%| O|  |TAMS 0x0000000086600000, 0x0000000086600000| Untracked 
| 103|0x0000000086700000, 0x0000000086800000, 0x0000000086800000|100%| O|  |TAMS 0x0000000086700000, 0x0000000086700000| Untracked 
| 104|0x0000000086800000, 0x0000000086900000, 0x0000000086900000|100%| O|  |TAMS 0x0000000086800000, 0x0000000086800000| Untracked 
| 105|0x0000000086900000, 0x0000000086a00000, 0x0000000086a00000|100%| O|  |TAMS 0x0000000086900000, 0x0000000086900000| Untracked 
| 106|0x0000000086a00000, 0x0000000086b00000, 0x0000000086b00000|100%| O|  |TAMS 0x0000000086a00000, 0x0000000086a00000| Untracked 
| 107|0x0000000086b00000, 0x0000000086c00000, 0x0000000086c00000|100%| O|  |TAMS 0x0000000086b00000, 0x0000000086b00000| Untracked 
| 108|0x0000000086c00000, 0x0000000086d00000, 0x0000000086d00000|100%| O|  |TAMS 0x0000000086c00000, 0x0000000086c00000| Untracked 
| 109|0x0000000086d00000, 0x0000000086e00000, 0x0000000086e00000|100%| O|  |TAMS 0x0000000086d00000, 0x0000000086d00000| Untracked 
| 110|0x0000000086e00000, 0x0000000086f00000, 0x0000000086f00000|100%| O|  |TAMS 0x0000000086e00000, 0x0000000086e00000| Untracked 
| 111|0x0000000086f00000, 0x0000000087000000, 0x0000000087000000|100%| O|  |TAMS 0x0000000086f00000, 0x0000000086f00000| Untracked 
| 112|0x0000000087000000, 0x0000000087100000, 0x0000000087100000|100%| O|  |TAMS 0x0000000087000000, 0x0000000087000000| Untracked 
| 113|0x0000000087100000, 0x0000000087200000, 0x0000000087200000|100%| O|  |TAMS 0x0000000087100000, 0x0000000087100000| Untracked 
| 114|0x0000000087200000, 0x0000000087216600, 0x0000000087300000|  8%| O|  |TAMS 0x0000000087200000, 0x0000000087200000| Untracked 
| 115|0x0000000087300000, 0x0000000087300000, 0x0000000087400000|  0%| F|  |TAMS 0x0000000087300000, 0x0000000087300000| Untracked 
| 116|0x0000000087400000, 0x0000000087400000, 0x0000000087500000|  0%| F|  |TAMS 0x0000000087400000, 0x0000000087400000| Untracked 
| 117|0x0000000087500000, 0x0000000087500000, 0x0000000087600000|  0%| F|  |TAMS 0x0000000087500000, 0x0000000087500000| Untracked 
| 118|0x0000000087600000, 0x0000000087600000, 0x0000000087700000|  0%| F|  |TAMS 0x0000000087600000, 0x0000000087600000| Untracked 
| 119|0x0000000087700000, 0x0000000087700000, 0x0000000087800000|  0%| F|  |TAMS 0x0000000087700000, 0x0000000087700000| Untracked 
| 120|0x0000000087800000, 0x0000000087800000, 0x0000000087900000|  0%| F|  |TAMS 0x0000000087800000, 0x0000000087800000| Untracked 
| 121|0x0000000087900000, 0x0000000087900000, 0x0000000087a00000|  0%| F|  |TAMS 0x0000000087900000, 0x0000000087900000| Untracked 
| 122|0x0000000087a00000, 0x0000000087a00000, 0x0000000087b00000|  0%| F|  |TAMS 0x0000000087a00000, 0x0000000087a00000| Untracked 
| 123|0x0000000087b00000, 0x0000000087b00000, 0x0000000087c00000|  0%| F|  |TAMS 0x0000000087b00000, 0x0000000087b00000| Untracked 
| 124|0x0000000087c00000, 0x0000000087c00000, 0x0000000087d00000|  0%| F|  |TAMS 0x0000000087c00000, 0x0000000087c00000| Untracked 
| 125|0x0000000087d00000, 0x0000000087d00000, 0x0000000087e00000|  0%| F|  |TAMS 0x0000000087d00000, 0x0000000087d00000| Untracked 
| 126|0x0000000087e00000, 0x0000000087e00000, 0x0000000087f00000|  0%| F|  |TAMS 0x0000000087e00000, 0x0000000087e00000| Untracked 
| 127|0x0000000087f00000, 0x0000000087f00000, 0x0000000088000000|  0%| F|  |TAMS 0x0000000087f00000, 0x0000000087f00000| Untracked 
| 128|0x0000000088000000, 0x0000000088000000, 0x0000000088100000|  0%| F|  |TAMS 0x0000000088000000, 0x0000000088000000| Untracked 
| 129|0x0000000088100000, 0x0000000088100000, 0x0000000088200000|  0%| F|  |TAMS 0x0000000088100000, 0x0000000088100000| Untracked 
| 130|0x0000000088200000, 0x0000000088200000, 0x0000000088300000|  0%| F|  |TAMS 0x0000000088200000, 0x0000000088200000| Untracked 
| 131|0x0000000088300000, 0x0000000088300000, 0x0000000088400000|  0%| F|  |TAMS 0x0000000088300000, 0x0000000088300000| Untracked 
| 132|0x0000000088400000, 0x0000000088400000, 0x0000000088500000|  0%| F|  |TAMS 0x0000000088400000, 0x0000000088400000| Untracked 
| 133|0x0000000088500000, 0x0000000088500000, 0x0000000088600000|  0%| F|  |TAMS 0x0000000088500000, 0x0000000088500000| Untracked 
| 134|0x0000000088600000, 0x0000000088600000, 0x0000000088700000|  0%| F|  |TAMS 0x0000000088600000, 0x0000000088600000| Untracked 
| 135|0x0000000088700000, 0x0000000088700000, 0x0000000088800000|  0%| F|  |TAMS 0x0000000088700000, 0x0000000088700000| Untracked 
| 136|0x0000000088800000, 0x0000000088800000, 0x0000000088900000|  0%| F|  |TAMS 0x0000000088800000, 0x0000000088800000| Untracked 
| 137|0x0000000088900000, 0x0000000088900000, 0x0000000088a00000|  0%| F|  |TAMS 0x0000000088900000, 0x0000000088900000| Untracked 
| 138|0x0000000088a00000, 0x0000000088a00000, 0x0000000088b00000|  0%| F|  |TAMS 0x0000000088a00000, 0x0000000088a00000| Untracked 
| 139|0x0000000088b00000, 0x0000000088b00000, 0x0000000088c00000|  0%| F|  |TAMS 0x0000000088b00000, 0x0000000088b00000| Untracked 
| 140|0x0000000088c00000, 0x0000000088c00000, 0x0000000088d00000|  0%| F|  |TAMS 0x0000000088c00000, 0x0000000088c00000| Untracked 
| 141|0x0000000088d00000, 0x0000000088d00000, 0x0000000088e00000|  0%| F|  |TAMS 0x0000000088d00000, 0x0000000088d00000| Untracked 
| 142|0x0000000088e00000, 0x0000000088e00000, 0x0000000088f00000|  0%| F|  |TAMS 0x0000000088e00000, 0x0000000088e00000| Untracked 
| 143|0x0000000088f00000, 0x0000000088f00000, 0x0000000089000000|  0%| F|  |TAMS 0x0000000088f00000, 0x0000000088f00000| Untracked 
| 144|0x0000000089000000, 0x0000000089000000, 0x0000000089100000|  0%| F|  |TAMS 0x0000000089000000, 0x0000000089000000| Untracked 
| 145|0x0000000089100000, 0x0000000089100000, 0x0000000089200000|  0%| F|  |TAMS 0x0000000089100000, 0x0000000089100000| Untracked 
| 146|0x0000000089200000, 0x0000000089200000, 0x0000000089300000|  0%| F|  |TAMS 0x0000000089200000, 0x0000000089200000| Untracked 
| 147|0x0000000089300000, 0x0000000089300000, 0x0000000089400000|  0%| F|  |TAMS 0x0000000089300000, 0x0000000089300000| Untracked 
| 148|0x0000000089400000, 0x0000000089400000, 0x0000000089500000|  0%| F|  |TAMS 0x0000000089400000, 0x0000000089400000| Untracked 
| 149|0x0000000089500000, 0x0000000089500000, 0x0000000089600000|  0%| F|  |TAMS 0x0000000089500000, 0x0000000089500000| Untracked 
| 150|0x0000000089600000, 0x0000000089600000, 0x0000000089700000|  0%| F|  |TAMS 0x0000000089600000, 0x0000000089600000| Untracked 
| 151|0x0000000089700000, 0x0000000089700000, 0x0000000089800000|  0%| F|  |TAMS 0x0000000089700000, 0x0000000089700000| Untracked 
| 152|0x0000000089800000, 0x0000000089800000, 0x0000000089900000|  0%| F|  |TAMS 0x0000000089800000, 0x0000000089800000| Untracked 
| 153|0x0000000089900000, 0x0000000089900000, 0x0000000089a00000|  0%| F|  |TAMS 0x0000000089900000, 0x0000000089900000| Untracked 
| 154|0x0000000089a00000, 0x0000000089a00000, 0x0000000089b00000|  0%| F|  |TAMS 0x0000000089a00000, 0x0000000089a00000| Untracked 
| 155|0x0000000089b00000, 0x0000000089b00000, 0x0000000089c00000|  0%| F|  |TAMS 0x0000000089b00000, 0x0000000089b00000| Untracked 
| 156|0x0000000089c00000, 0x0000000089c00000, 0x0000000089d00000|  0%| F|  |TAMS 0x0000000089c00000, 0x0000000089c00000| Untracked 
| 157|0x0000000089d00000, 0x0000000089d00000, 0x0000000089e00000|  0%| F|  |TAMS 0x0000000089d00000, 0x0000000089d00000| Untracked 
| 158|0x0000000089e00000, 0x0000000089e00000, 0x0000000089f00000|  0%| F|  |TAMS 0x0000000089e00000, 0x0000000089e00000| Untracked 
| 159|0x0000000089f00000, 0x0000000089f00000, 0x000000008a000000|  0%| F|  |TAMS 0x0000000089f00000, 0x0000000089f00000| Untracked 
| 160|0x000000008a000000, 0x000000008a000000, 0x000000008a100000|  0%| F|  |TAMS 0x000000008a000000, 0x000000008a000000| Untracked 
| 161|0x000000008a100000, 0x000000008a100000, 0x000000008a200000|  0%| F|  |TAMS 0x000000008a100000, 0x000000008a100000| Untracked 
| 162|0x000000008a200000, 0x000000008a200000, 0x000000008a300000|  0%| F|  |TAMS 0x000000008a200000, 0x000000008a200000| Untracked 
| 163|0x000000008a300000, 0x000000008a300000, 0x000000008a400000|  0%| F|  |TAMS 0x000000008a300000, 0x000000008a300000| Untracked 
| 164|0x000000008a400000, 0x000000008a400000, 0x000000008a500000|  0%| F|  |TAMS 0x000000008a400000, 0x000000008a400000| Untracked 
| 165|0x000000008a500000, 0x000000008a500000, 0x000000008a600000|  0%| F|  |TAMS 0x000000008a500000, 0x000000008a500000| Untracked 
| 166|0x000000008a600000, 0x000000008a600000, 0x000000008a700000|  0%| F|  |TAMS 0x000000008a600000, 0x000000008a600000| Untracked 
| 167|0x000000008a700000, 0x000000008a700000, 0x000000008a800000|  0%| F|  |TAMS 0x000000008a700000, 0x000000008a700000| Untracked 
| 168|0x000000008a800000, 0x000000008a800000, 0x000000008a900000|  0%| F|  |TAMS 0x000000008a800000, 0x000000008a800000| Untracked 
| 169|0x000000008a900000, 0x000000008a900000, 0x000000008aa00000|  0%| F|  |TAMS 0x000000008a900000, 0x000000008a900000| Untracked 
| 170|0x000000008aa00000, 0x000000008aa00000, 0x000000008ab00000|  0%| F|  |TAMS 0x000000008aa00000, 0x000000008aa00000| Untracked 
| 171|0x000000008ab00000, 0x000000008ab00000, 0x000000008ac00000|  0%| F|  |TAMS 0x000000008ab00000, 0x000000008ab00000| Untracked 
| 172|0x000000008ac00000, 0x000000008ac00000, 0x000000008ad00000|  0%| F|  |TAMS 0x000000008ac00000, 0x000000008ac00000| Untracked 
| 173|0x000000008ad00000, 0x000000008ad00000, 0x000000008ae00000|  0%| F|  |TAMS 0x000000008ad00000, 0x000000008ad00000| Untracked 
| 174|0x000000008ae00000, 0x000000008ae00000, 0x000000008af00000|  0%| F|  |TAMS 0x000000008ae00000, 0x000000008ae00000| Untracked 
| 175|0x000000008af00000, 0x000000008af00000, 0x000000008b000000|  0%| F|  |TAMS 0x000000008af00000, 0x000000008af00000| Untracked 
| 176|0x000000008b000000, 0x000000008b000000, 0x000000008b100000|  0%| F|  |TAMS 0x000000008b000000, 0x000000008b000000| Untracked 
| 177|0x000000008b100000, 0x000000008b100000, 0x000000008b200000|  0%| F|  |TAMS 0x000000008b100000, 0x000000008b100000| Untracked 
| 178|0x000000008b200000, 0x000000008b200000, 0x000000008b300000|  0%| F|  |TAMS 0x000000008b200000, 0x000000008b200000| Untracked 
| 179|0x000000008b300000, 0x000000008b300000, 0x000000008b400000|  0%| F|  |TAMS 0x000000008b300000, 0x000000008b300000| Untracked 
| 180|0x000000008b400000, 0x000000008b400000, 0x000000008b500000|  0%| F|  |TAMS 0x000000008b400000, 0x000000008b400000| Untracked 
| 181|0x000000008b500000, 0x000000008b500000, 0x000000008b600000|  0%| F|  |TAMS 0x000000008b500000, 0x000000008b500000| Untracked 
| 182|0x000000008b600000, 0x000000008b600000, 0x000000008b700000|  0%| F|  |TAMS 0x000000008b600000, 0x000000008b600000| Untracked 
| 183|0x000000008b700000, 0x000000008b700000, 0x000000008b800000|  0%| F|  |TAMS 0x000000008b700000, 0x000000008b700000| Untracked 
| 184|0x000000008b800000, 0x000000008b800000, 0x000000008b900000|  0%| F|  |TAMS 0x000000008b800000, 0x000000008b800000| Untracked 
| 185|0x000000008b900000, 0x000000008b900000, 0x000000008ba00000|  0%| F|  |TAMS 0x000000008b900000, 0x000000008b900000| Untracked 
| 186|0x000000008ba00000, 0x000000008ba00000, 0x000000008bb00000|  0%| F|  |TAMS 0x000000008ba00000, 0x000000008ba00000| Untracked 
| 187|0x000000008bb00000, 0x000000008bb24558, 0x000000008bc00000| 14%| E|  |TAMS 0x000000008bb00000, 0x000000008bb00000| Complete 
| 188|0x000000008bc00000, 0x000000008bd00000, 0x000000008bd00000|100%| E|CS|TAMS 0x000000008bc00000, 0x000000008bc00000| Complete 
| 189|0x000000008bd00000, 0x000000008be00000, 0x000000008be00000|100%| E|CS|TAMS 0x000000008bd00000, 0x000000008bd00000| Complete 
| 190|0x000000008be00000, 0x000000008bf00000, 0x000000008bf00000|100%| S|CS|TAMS 0x000000008be00000, 0x000000008be00000| Complete 
| 191|0x000000008bf00000, 0x000000008c000000, 0x000000008c000000|100%| E|CS|TAMS 0x000000008bf00000, 0x000000008bf00000| Complete 
| 254|0x000000008fe00000, 0x000000008ff00000, 0x000000008ff00000|100%| E|  |TAMS 0x000000008fe00000, 0x000000008fe00000| Complete 
| 255|0x000000008ff00000, 0x0000000090000000, 0x0000000090000000|100%| E|CS|TAMS 0x000000008ff00000, 0x000000008ff00000| Complete 

Card table byte_map: [0x000002ab5f8c0000,0x000002ab5fcc0000] _byte_map_base: 0x000002ab5f4c0000

Marking Bits (Prev, Next): (CMBitMap*) 0x000002ab482878c0, (CMBitMap*) 0x000002ab48287880
 Prev Bits: [0x000002ab620c0000, 0x000002ab640c0000)
 Next Bits: [0x000002ab600c0000, 0x000002ab620c0000)

Polling page: 0x000002ab479f0000

Metaspace:

Usage:
  Non-class:     90.90 MB used.
      Class:     14.11 MB used.
       Both:    105.01 MB used.

Virtual space:
  Non-class space:      128.00 MB reserved,      91.94 MB ( 72%) committed,  2 nodes.
      Class space:        1.00 GB reserved,      15.25 MB (  1%) committed,  1 nodes.
             Both:        1.12 GB reserved,     107.19 MB (  9%) committed. 

Chunk freelists:
   Non-Class:  3.48 MB
       Class:  736.00 KB
        Both:  4.20 MB

MaxMetaspaceSize: unlimited
CompressedClassSpaceSize: 1.00 GB
Initial GC threshold: 21.00 MB
Current GC threshold: 175.25 MB
CDS: on
MetaspaceReclaimPolicy: balanced
 - commit_granule_bytes: 65536.
 - commit_granule_words: 8192.
 - virtual_space_node_default_size: 8388608.
 - enlarge_chunks_in_place: 1.
 - new_chunks_are_fully_committed: 0.
 - uncommit_free_chunks: 1.
 - use_allocation_guard: 0.


Internal statistics:

num_allocs_failed_limit: 9.
num_arena_births: 4124.
num_arena_deaths: 0.
num_vsnodes_births: 3.
num_vsnodes_deaths: 0.
num_space_committed: 1714.
num_space_uncommitted: 0.
num_chunks_returned_to_freelist: 9.
num_chunks_taken_from_freelist: 8952.
num_chunk_merges: 6.
num_chunk_splits: 5842.
num_chunks_enlarged: 3660.
num_inconsistent_stats: 0.

CodeHeap 'non-profiled nmethods': size=120000Kb used=6709Kb max_used=6920Kb free=113291Kb
 bounds [0x000002ab57c60000, 0x000002ab58330000, 0x000002ab5f190000]
CodeHeap 'profiled nmethods': size=120000Kb used=20934Kb max_used=22850Kb free=99065Kb
 bounds [0x000002ab50190000, 0x000002ab517f0000, 0x000002ab576c0000]
CodeHeap 'non-nmethods': size=5760Kb used=1868Kb max_used=1929Kb free=3891Kb
 bounds [0x000002ab576c0000, 0x000002ab57930000, 0x000002ab57c60000]
 total_blobs=12121 nmethods=11231 adapters=800
 compilation: enabled
              stopped_count=0, restarted_count=0
 full_count=0

Compilation events (20 events):
Event: 27.995 Thread 0x000002ab702f74d0 nmethod 13656 0x000002ab5815ed90 code [0x000002ab5815ef20, 0x000002ab5815eff8]
Event: 27.997 Thread 0x000002ab702f74d0 13657       4       org.gradle.internal.operations.DefaultBuildOperationListenerManager$1::finished (48 bytes)
Event: 27.998 Thread 0x000002ab66b6ed00 13658       3       org.gradle.api.internal.artifacts.transform.AbstractTransformExecution::visitOutputs (78 bytes)
Event: 27.999 Thread 0x000002ab66b6ed00 nmethod 13658 0x000002ab503f3690 code [0x000002ab503f3940, 0x000002ab503f49f8]
Event: 28.002 Thread 0x000002ab702f74d0 nmethod 13657 0x000002ab5818a510 code [0x000002ab5818a6c0, 0x000002ab5818a988]
Event: 28.021 Thread 0x000002ab66b6ed00 13659       3       jdk.internal.misc.Unsafe::allocateMemory (65 bytes)
Event: 28.022 Thread 0x000002ab66b6ed00 nmethod 13659 0x000002ab5036c790 code [0x000002ab5036ca20, 0x000002ab5036d408]
Event: 28.022 Thread 0x000002ab66b6ed00 13660       3       jdk.internal.misc.Unsafe::alignToHeapWordSize (29 bytes)
Event: 28.023 Thread 0x000002ab66b6ed00 nmethod 13660 0x000002ab51014490 code [0x000002ab51014640, 0x000002ab510148e8]
Event: 28.023 Thread 0x000002ab66b709d0 13662       4       org.gradle.internal.serialize.kryo.KryoBackedEncoder::writeBytes (11 bytes)
Event: 28.023 Thread 0x000002ab702f74d0 13663       4       com.esotericsoftware.kryo.io.Output::writeBytes (90 bytes)
Event: 28.024 Thread 0x000002ab702f74d0 nmethod 13663 0x000002ab57e2f490 code [0x000002ab57e2f620, 0x000002ab57e2f798]
Event: 28.024 Thread 0x000002ab702f74d0 13664       4       java.util.stream.Collectors$$Lambda$72/0x00000008010712b0::get (8 bytes)
Event: 28.024 Thread 0x000002ab66b709d0 nmethod 13662 0x000002ab57fbb090 code [0x000002ab57fbb220, 0x000002ab57fbb3b8]
Event: 28.025 Thread 0x000002ab702f74d0 nmethod 13664 0x000002ab57fbab90 code [0x000002ab57fbad20, 0x000002ab57fbadf8]
Event: 28.027 Thread 0x000002ab702f74d0 13665       4       java.io.FileInputStream::<init> (107 bytes)
Event: 28.030 Thread 0x000002ab66b709d0 13666   !   4       java.io.FileInputStream::open (26 bytes)
Event: 28.031 Thread 0x000002ab66b709d0 nmethod 13666 0x000002ab58022510 code [0x000002ab580226c0, 0x000002ab580227d8]
Event: 28.037 Thread 0x000002ab66b709d0 13667       4       java.util.TimSort::sort (229 bytes)
Event: 28.038 Thread 0x000002ab702f74d0 nmethod 13665 0x000002ab5816a810 code [0x000002ab5816a9e0, 0x000002ab5816b3a8]

GC Heap History (20 events):
Event: 19.662 GC heap before
{Heap before GC invocations=28 (full 0):
 garbage-first heap   total 158720K, used 127839K [0x0000000080000000, 0x0000000100000000)
  region size 1024K, 46 young (47104K), 1 survivors (1024K)
 Metaspace       used 79172K, committed 81088K, reserved 1179648K
  class space    used 10582K, committed 11584K, reserved 1048576K
}
Event: 19.665 GC heap after
{Heap after GC invocations=29 (full 0):
 garbage-first heap   total 190464K, used 84076K [0x0000000080000000, 0x0000000100000000)
  region size 1024K, 3 young (3072K), 3 survivors (3072K)
 Metaspace       used 79172K, committed 81088K, reserved 1179648K
  class space    used 10582K, committed 11584K, reserved 1048576K
}
Event: 20.581 GC heap before
{Heap before GC invocations=29 (full 0):
 garbage-first heap   total 190464K, used 150636K [0x0000000080000000, 0x0000000100000000)
  region size 1024K, 65 young (66560K), 3 survivors (3072K)
 Metaspace       used 83353K, committed 85248K, reserved 1179648K
  class space    used 11138K, committed 12160K, reserved 1048576K
}
Event: 20.589 GC heap after
{Heap after GC invocations=30 (full 0):
 garbage-first heap   total 190464K, used 91153K [0x0000000080000000, 0x0000000100000000)
  region size 1024K, 7 young (7168K), 7 survivors (7168K)
 Metaspace       used 83353K, committed 85248K, reserved 1179648K
  class space    used 11138K, committed 12160K, reserved 1048576K
}
Event: 22.765 GC heap before
{Heap before GC invocations=30 (full 0):
 garbage-first heap   total 190464K, used 151569K [0x0000000080000000, 0x0000000100000000)
  region size 1024K, 66 young (67584K), 7 survivors (7168K)
 Metaspace       used 86620K, committed 88640K, reserved 1179648K
  class space    used 11560K, committed 12608K, reserved 1048576K
}
Event: 22.772 GC heap after
{Heap after GC invocations=31 (full 0):
 garbage-first heap   total 190464K, used 94714K [0x0000000080000000, 0x0000000100000000)
  region size 1024K, 8 young (8192K), 8 survivors (8192K)
 Metaspace       used 86620K, committed 88640K, reserved 1179648K
  class space    used 11560K, committed 12608K, reserved 1048576K
}
Event: 23.661 GC heap before
{Heap before GC invocations=31 (full 0):
 garbage-first heap   total 190464K, used 155130K [0x0000000080000000, 0x0000000100000000)
  region size 1024K, 66 young (67584K), 8 survivors (8192K)
 Metaspace       used 91243K, committed 93184K, reserved 1179648K
  class space    used 12326K, committed 13376K, reserved 1048576K
}
Event: 23.667 GC heap after
{Heap after GC invocations=32 (full 0):
 garbage-first heap   total 190464K, used 96733K [0x0000000080000000, 0x0000000100000000)
  region size 1024K, 6 young (6144K), 6 survivors (6144K)
 Metaspace       used 91243K, committed 93184K, reserved 1179648K
  class space    used 12326K, committed 13376K, reserved 1048576K
}
Event: 24.474 GC heap before
{Heap before GC invocations=32 (full 0):
 garbage-first heap   total 190464K, used 156125K [0x0000000080000000, 0x0000000100000000)
  region size 1024K, 64 young (65536K), 6 survivors (6144K)
 Metaspace       used 95235K, committed 97344K, reserved 1179648K
  class space    used 12891K, committed 14016K, reserved 1048576K
}
Event: 24.482 GC heap after
{Heap after GC invocations=33 (full 0):
 garbage-first heap   total 190464K, used 99830K [0x0000000080000000, 0x0000000100000000)
  region size 1024K, 5 young (5120K), 5 survivors (5120K)
 Metaspace       used 95235K, committed 97344K, reserved 1179648K
  class space    used 12891K, committed 14016K, reserved 1048576K
}
Event: 25.307 GC heap before
{Heap before GC invocations=34 (full 0):
 garbage-first heap   total 190464K, used 158198K [0x0000000080000000, 0x0000000100000000)
  region size 1024K, 62 young (63488K), 5 survivors (5120K)
 Metaspace       used 98989K, committed 101120K, reserved 1179648K
  class space    used 13478K, committed 14592K, reserved 1048576K
}
Event: 25.314 GC heap after
{Heap after GC invocations=35 (full 0):
 garbage-first heap   total 190464K, used 102981K [0x0000000080000000, 0x0000000100000000)
  region size 1024K, 6 young (6144K), 6 survivors (6144K)
 Metaspace       used 98989K, committed 101120K, reserved 1179648K
  class space    used 13478K, committed 14592K, reserved 1048576K
}
Event: 25.344 GC heap before
{Heap before GC invocations=35 (full 0):
 garbage-first heap   total 190464K, used 106053K [0x0000000080000000, 0x0000000100000000)
  region size 1024K, 9 young (9216K), 6 survivors (6144K)
 Metaspace       used 99185K, committed 101312K, reserved 1179648K
  class space    used 13519K, committed 14656K, reserved 1048576K
}
Event: 25.351 GC heap after
{Heap after GC invocations=36 (full 0):
 garbage-first heap   total 190464K, used 102760K [0x0000000080000000, 0x0000000100000000)
  region size 1024K, 1 young (1024K), 1 survivors (1024K)
 Metaspace       used 99185K, committed 101312K, reserved 1179648K
  class space    used 13519K, committed 14656K, reserved 1048576K
}
Event: 25.998 GC heap before
{Heap before GC invocations=36 (full 0):
 garbage-first heap   total 190464K, used 159080K [0x0000000080000000, 0x0000000100000000)
  region size 1024K, 56 young (57344K), 1 survivors (1024K)
 Metaspace       used 103199K, committed 105344K, reserved 1179648K
  class space    used 14005K, committed 15168K, reserved 1048576K
}
Event: 26.002 GC heap after
{Heap after GC invocations=37 (full 0):
 garbage-first heap   total 190464K, used 106531K [0x0000000080000000, 0x0000000100000000)
  region size 1024K, 5 young (5120K), 5 survivors (5120K)
 Metaspace       used 103199K, committed 105344K, reserved 1179648K
  class space    used 14005K, committed 15168K, reserved 1048576K
}
Event: 26.421 GC heap before
{Heap before GC invocations=37 (full 0):
 garbage-first heap   total 190464K, used 130083K [0x0000000080000000, 0x0000000100000000)
  region size 1024K, 29 young (29696K), 5 survivors (5120K)
 Metaspace       used 104694K, committed 106880K, reserved 1179648K
  class space    used 14135K, committed 15296K, reserved 1048576K
}
Event: 26.430 GC heap after
{Heap after GC invocations=38 (full 0):
 garbage-first heap   total 190464K, used 111616K [0x0000000080000000, 0x0000000100000000)
  region size 1024K, 4 young (4096K), 4 survivors (4096K)
 Metaspace       used 104694K, committed 106880K, reserved 1179648K
  class space    used 14135K, committed 15296K, reserved 1048576K
}
Event: 28.003 GC heap before
{Heap before GC invocations=39 (full 0):
 garbage-first heap   total 198656K, used 160768K [0x0000000080000000, 0x0000000100000000)
  region size 1024K, 49 young (50176K), 4 survivors (4096K)
 Metaspace       used 107521K, committed 109760K, reserved 1179648K
  class space    used 14443K, committed 15616K, reserved 1048576K
}
Event: 28.012 GC heap after
{Heap after GC invocations=40 (full 0):
 garbage-first heap   total 198656K, used 116289K [0x0000000080000000, 0x0000000100000000)
  region size 1024K, 6 young (6144K), 6 survivors (6144K)
 Metaspace       used 107521K, committed 109760K, reserved 1179648K
  class space    used 14443K, committed 15616K, reserved 1048576K
}

Dll operation events (15 events):
Event: 0.020 Loaded shared library C:\Program Files\Java\jdk-19\bin\java.dll
Event: 0.031 Loaded shared library C:\Program Files\Java\jdk-19\bin\jsvml.dll
Event: 0.100 Loaded shared library C:\Program Files\Java\jdk-19\bin\zip.dll
Event: 0.105 Loaded shared library C:\Program Files\Java\jdk-19\bin\instrument.dll
Event: 0.113 Loaded shared library C:\Program Files\Java\jdk-19\bin\net.dll
Event: 0.118 Loaded shared library C:\Program Files\Java\jdk-19\bin\nio.dll
Event: 0.122 Loaded shared library C:\Program Files\Java\jdk-19\bin\zip.dll
Event: 0.453 Loaded shared library C:\Program Files\Java\jdk-19\bin\jimage.dll
Event: 0.752 Loaded shared library C:\Program Files\Java\jdk-19\bin\verify.dll
Event: 0.877 Loaded shared library C:\Users\blackpc\.jdks\corretto-1.8.0_362\native\c067742578af261105cb4f569cf0c3c89f3d7b1fecec35dd04571415982c5e48\windows-amd64\native-platform.dll
Event: 0.890 Loaded shared library C:\Users\blackpc\.jdks\corretto-1.8.0_362\native\100fb08df4bc3b14c8652ba06237920a3bd2aa13389f12d3474272988ae205f9\windows-amd64\native-platform-file-events.dll
Event: 2.516 Loaded shared library C:\Program Files\Java\jdk-19\bin\management.dll
Event: 2.519 Loaded shared library C:\Program Files\Java\jdk-19\bin\management_ext.dll
Event: 2.885 Loaded shared library C:\Program Files\Java\jdk-19\bin\extnet.dll
Event: 3.930 Loaded shared library C:\Program Files\Java\jdk-19\bin\sunmscapi.dll

Deoptimization events (20 events):
Event: 27.881 Thread 0x000002ab719955a0 Uncommon trap: trap_request=0xffffffbe fr.pc=0x000002ab57f42118 relative=0x0000000000000fd8
Event: 27.881 Thread 0x000002ab719955a0 Uncommon trap: reason=profile_predicate action=maybe_recompile pc=0x000002ab57f42118 method=java.util.TimSort.reverseRange([Ljava/lang/Object;II)V @ 5 c2
Event: 27.881 Thread 0x000002ab719955a0 DEOPT PACKING pc=0x000002ab57f42118 sp=0x000000b2fedfd2a0
Event: 27.881 Thread 0x000002ab719955a0 DEOPT UNPACKING pc=0x000002ab57726da3 sp=0x000000b2fedfd150 mode 2
Event: 27.884 Thread 0x000002ab7199a000 Uncommon trap: trap_request=0xffffffbe fr.pc=0x000002ab57f42118 relative=0x0000000000000fd8
Event: 27.884 Thread 0x000002ab7199a000 Uncommon trap: reason=profile_predicate action=maybe_recompile pc=0x000002ab57f42118 method=java.util.TimSort.reverseRange([Ljava/lang/Object;II)V @ 5 c2
Event: 27.884 Thread 0x000002ab7199a000 DEOPT PACKING pc=0x000002ab57f42118 sp=0x000000b2feafd490
Event: 27.884 Thread 0x000002ab71998ac0 Uncommon trap: trap_request=0xffffffbe fr.pc=0x000002ab57f94bf0 relative=0x0000000000000630
Event: 27.884 Thread 0x000002ab71998ac0 Uncommon trap: reason=profile_predicate action=maybe_recompile pc=0x000002ab57f94bf0 method=java.util.TimSort.reverseRange([Ljava/lang/Object;II)V @ 5 c2
Event: 27.884 Thread 0x000002ab71998ac0 DEOPT PACKING pc=0x000002ab57f94bf0 sp=0x000000b2fecfd530
Event: 27.884 Thread 0x000002ab7199a000 DEOPT UNPACKING pc=0x000002ab57726da3 sp=0x000000b2feafd340 mode 2
Event: 27.884 Thread 0x000002ab71998ac0 DEOPT UNPACKING pc=0x000002ab57726da3 sp=0x000000b2fecfd4a8 mode 2
Event: 27.977 Thread 0x000002ab71999ab0 Uncommon trap: trap_request=0xffffffd6 fr.pc=0x000002ab581463e4 relative=0x0000000000001224
Event: 27.977 Thread 0x000002ab71999ab0 Uncommon trap: reason=array_check action=maybe_recompile pc=0x000002ab581463e4 method=java.util.TimSort.reverseRange([Ljava/lang/Object;II)V @ 27 c2
Event: 27.977 Thread 0x000002ab71999ab0 DEOPT PACKING pc=0x000002ab581463e4 sp=0x000000b2fe2fa2b0
Event: 27.977 Thread 0x000002ab71999ab0 DEOPT UNPACKING pc=0x000002ab57726da3 sp=0x000000b2fe2fa158 mode 2
Event: 27.983 Thread 0x000002ab7199a000 Uncommon trap: trap_request=0xffffffd6 fr.pc=0x000002ab581463e4 relative=0x0000000000001224
Event: 27.983 Thread 0x000002ab7199a000 Uncommon trap: reason=array_check action=maybe_recompile pc=0x000002ab581463e4 method=java.util.TimSort.reverseRange([Ljava/lang/Object;II)V @ 27 c2
Event: 27.983 Thread 0x000002ab7199a000 DEOPT PACKING pc=0x000002ab581463e4 sp=0x000000b2feafd740
Event: 27.983 Thread 0x000002ab7199a000 DEOPT UNPACKING pc=0x000002ab57726da3 sp=0x000000b2feafd5e8 mode 2

Classes loaded (20 events):
Event: 25.635 Loading class java/net/InetAddress$CachedLocalHost
Event: 25.635 Loading class java/net/InetAddress$CachedLocalHost done
Event: 26.126 Loading class java/util/TreeMap$KeySpliterator
Event: 26.126 Loading class java/util/TreeMap$TreeMapSpliterator
Event: 26.126 Loading class java/util/TreeMap$TreeMapSpliterator done
Event: 26.126 Loading class java/util/TreeMap$KeySpliterator done
Event: 26.403 Loading class java/util/HashMap$UnsafeHolder
Event: 26.403 Loading class java/util/HashMap$UnsafeHolder done
Event: 26.486 Loading class sun/nio/ch/ChannelOutputStream
Event: 26.486 Loading class sun/nio/ch/ChannelOutputStream done
Event: 26.492 Loading class java/util/concurrent/ConcurrentLinkedQueue$Itr
Event: 26.492 Loading class java/util/concurrent/ConcurrentLinkedQueue$Itr done
Event: 26.810 Loading class java/time/Instant$1
Event: 26.810 Loading class java/time/Instant$1 done
Event: 27.101 Loading class java/io/CharArrayWriter
Event: 27.101 Loading class java/io/CharArrayWriter done
Event: 27.108 Loading class java/io/SequenceInputStream
Event: 27.109 Loading class java/io/SequenceInputStream done
Event: 27.117 Loading class java/util/function/IntUnaryOperator
Event: 27.117 Loading class java/util/function/IntUnaryOperator done

Classes unloaded (0 events):
No events

Classes redefined (0 events):
No events

Internal exceptions (20 events):
Event: 26.483 Thread 0x000002ab6c6a4470 Exception <a 'sun/nio/fs/WindowsException'{0x000000008fe2df18}> (0x000000008fe2df18) 
thrown [s\open\src\hotspot\share\prims\jni.cpp, line 517]
Event: 26.499 Thread 0x000002ab6c6a4470 Exception <a 'java/lang/NoSuchMethodError'{0x000000008fe73b60}: 'void java.lang.invoke.DirectMethodHandle$Holder.invokeSpecial(java.lang.Object, java.lang.Object, java.lang.Object, java.lang.Object, int, java.lang.Object, java.lang.Object)'> (0x000000008fe73b60) 
thrown [s\open\src\hotspot\share\interpreter\linkResolver.cpp, line 774]
Event: 26.592 Thread 0x000002ab7199ba90 Exception <a 'java/lang/NoSuchMethodError'{0x000000008bfbb0d0}: 'java.lang.Object java.lang.invoke.DirectMethodHandle$Holder.newInvokeSpecial(java.lang.Object, java.lang.Object, int, java.lang.Object, java.lang.Object)'> (0x000000008bfbb0d0) 
thrown [s\open\src\hotspot\share\interpreter\linkResolver.cpp, line 774]
Event: 26.674 Thread 0x000002ab7199ba90 Exception <a 'java/lang/NoSuchMethodError'{0x000000008bb77478}: 'java.lang.Object java.lang.invoke.DirectMethodHandle$Holder.invokeVirtual(java.lang.Object, java.lang.Object, java.lang.Object, java.lang.Object, java.lang.Object, java.lang.Object, java.lang.Object, java.lang.Object, java.lang.Object, java.lang.Object, java.lang.Object, java.lang.Object, java.lang.Object, java.lang.Object, java.lang.Object, java.lang.Object, java.lang.Object, java.lang.Object, java.lang.Object)'> (0x000000008bb77478) 
thrown
Event: 26.690 Thread 0x000002ab6c6a2490 Exception <a 'java/lang/NoSuchMethodError'{0x000000008ba68e00}: static Lorg/gradle/internal/build/event/types/DefaultTaskStartedProgressEvent;.<clinit>()V> (0x000000008ba68e00) 
thrown [s\open\src\hotspot\share\prims\jni.cpp, line 1107]
Event: 26.691 Thread 0x000002ab6c6a2490 Exception <a 'java/lang/NoSuchMethodError'{0x000000008ba75d68}: static Lorg/gradle/internal/build/event/types/DefaultTaskDescriptor;.<clinit>()V> (0x000000008ba75d68) 
thrown [s\open\src\hotspot\share\prims\jni.cpp, line 1107]
Event: 26.715 Thread 0x000002ab6c6a2490 Exception <a 'java/lang/NoSuchMethodError'{0x000000008baf4c78}: static Lorg/gradle/internal/build/event/types/DefaultTaskFinishedProgressEvent;.<clinit>()V> (0x000000008baf4c78) 
thrown [s\open\src\hotspot\share\prims\jni.cpp, line 1107]
Event: 26.725 Thread 0x000002ab6c6a2490 Exception <a 'java/lang/NoSuchMethodError'{0x000000008b90b2e0}: static Lorg/gradle/internal/build/event/types/DefaultTaskSuccessResult;.<clinit>()V> (0x000000008b90b2e0) 
thrown [s\open\src\hotspot\share\prims\jni.cpp, line 1107]
Event: 26.725 Thread 0x000002ab6c6a2490 Exception <a 'java/lang/NoSuchMethodError'{0x000000008b90c9f0}: static Lorg/gradle/internal/build/event/types/AbstractTaskResult;.<clinit>()V> (0x000000008b90c9f0) 
thrown [s\open\src\hotspot\share\prims\jni.cpp, line 1107]
Event: 26.792 Thread 0x000002ab6dfc0f80 Exception <a 'java/lang/NoSuchMethodError'{0x000000008bae4f48}: static Lcom/android/buildanalyzer/common/AndroidGradlePluginAttributionData$BuildInfo;.<clinit>()V> (0x000000008bae4f48) 
thrown [s\open\src\hotspot\share\prims\jni.cpp, line 1107]
Event: 26.792 Thread 0x000002ab6dfc2a10 Exception <a 'java/lang/NoSuchMethodError'{0x000000008bac9f70}: static Ljava/lang/Object;.<clinit>()V> (0x000000008bac9f70) 
thrown [s\open\src\hotspot\share\prims\jni.cpp, line 1107]
Event: 26.793 Thread 0x000002ab6dfc2a10 Exception <a 'java/lang/NoSuchMethodError'{0x000000008bad5560}: static Lorg/jetbrains/kotlin/gradle/plugin/statistics/MetricContainer;.<clinit>()V> (0x000000008bad5560) 
thrown [s\open\src\hotspot\share\prims\jni.cpp, line 1107]
Event: 26.794 Thread 0x000002ab6dfc0f80 Exception <a 'java/lang/NoSuchMethodError'{0x000000008b85c380}: static Lcom/android/buildanalyzer/common/AndroidGradlePluginAttributionData$JavaInfo;.<clinit>()V> (0x000000008b85c380) 
thrown [s\open\src\hotspot\share\prims\jni.cpp, line 1107]
Event: 26.799 Thread 0x000002ab6dfc0f80 Exception <a 'java/lang/NoSuchMethodError'{0x000000008b61fca0}: static [Ljava/lang/String;.<clinit>()V> (0x000000008b61fca0) 
thrown [s\open\src\hotspot\share\prims\jni.cpp, line 1107]
Event: 26.802 Thread 0x000002ab6dfc0f80 Exception <a 'java/lang/NoSuchMethodError'{0x000000008b697f38}: static Lcom/android/buildanalyzer/common/AndroidGradlePluginAttributionData$TaskInfo;.<clinit>()V> (0x000000008b697f38) 
thrown [s\open\src\hotspot\share\prims\jni.cpp, line 1107]
Event: 26.803 Thread 0x000002ab6dfc0f80 Exception <a 'java/lang/NoSuchMethodError'{0x000000008b6a4f10}: static Lcom/android/buildanalyzer/common/AndroidGradlePluginAttributionData$TaskCategoryInfo;.<clinit>()V> (0x000000008b6a4f10) 
thrown [s\open\src\hotspot\share\prims\jni.cpp, line 1107]
Event: 26.875 Thread 0x000002ab71999ab0 Exception <a 'sun/nio/fs/WindowsException'{0x000000008b4a9980}> (0x000000008b4a9980) 
thrown [s\open\src\hotspot\share\prims\jni.cpp, line 517]
Event: 26.936 Thread 0x000002ab6c6a2490 Exception <a 'java/lang/NoSuchMethodError'{0x000000008b369818}: static Lorg/gradle/internal/build/event/types/DefaultTaskSkippedResult;.<clinit>()V> (0x000000008b369818) 
thrown [s\open\src\hotspot\share\prims\jni.cpp, line 1107]
Event: 26.986 Thread 0x000002ab71999ab0 Exception <a 'java/lang/IncompatibleClassChangeError'{0x000000008b399e80}: Found class java.lang.Object, but interface was expected> (0x000000008b399e80) 
thrown [s\open\src\hotspot\share\interpreter\linkResolver.cpp, line 841]
Event: 27.118 Thread 0x000002ab71999ab0 Exception <a 'java/lang/NoSuchMethodError'{0x000000008b0cec38}: 'int java.lang.invoke.DirectMethodHandle$Holder.invokeSpecial(java.lang.Object, java.lang.Object, int)'> (0x000000008b0cec38) 
thrown [s\open\src\hotspot\share\interpreter\linkResolver.cpp, line 774]

VM Operations (20 events):
Event: 26.896 Executing VM operation: HandshakeAllThreads
Event: 26.896 Executing VM operation: HandshakeAllThreads done
Event: 26.900 Executing VM operation: HandshakeAllThreads
Event: 26.900 Executing VM operation: HandshakeAllThreads done
Event: 27.135 Executing VM operation: HandshakeAllThreads
Event: 27.135 Executing VM operation: HandshakeAllThreads done
Event: 27.209 Executing VM operation: ICBufferFull
Event: 27.210 Executing VM operation: ICBufferFull done
Event: 27.298 Executing VM operation: HandshakeAllThreads
Event: 27.298 Executing VM operation: HandshakeAllThreads done
Event: 27.540 Executing VM operation: ICBufferFull
Event: 27.540 Executing VM operation: ICBufferFull done
Event: 27.557 Executing VM operation: HandshakeAllThreads
Event: 27.557 Executing VM operation: HandshakeAllThreads done
Event: 27.625 Executing VM operation: HandshakeAllThreads
Event: 27.625 Executing VM operation: HandshakeAllThreads done
Event: 27.765 Executing VM operation: ICBufferFull
Event: 27.767 Executing VM operation: ICBufferFull done
Event: 28.003 Executing VM operation: G1CollectForAllocation
Event: 28.013 Executing VM operation: G1CollectForAllocation done

Events (20 events):
Event: 27.641 Thread 0x000002ab66b8fb40 flushing nmethod 0x000002ab5153b190
Event: 27.641 Thread 0x000002ab66b8fb40 flushing nmethod 0x000002ab5156b490
Event: 27.641 Thread 0x000002ab66b8fb40 flushing nmethod 0x000002ab5156bd90
Event: 27.641 Thread 0x000002ab66b8fb40 flushing nmethod 0x000002ab5156cd90
Event: 27.641 Thread 0x000002ab66b8fb40 flushing nmethod 0x000002ab5156de10
Event: 27.641 Thread 0x000002ab66b8fb40 flushing nmethod 0x000002ab5158f890
Event: 27.641 Thread 0x000002ab66b8fb40 flushing nmethod 0x000002ab51664d10
Event: 27.641 Thread 0x000002ab66b8fb40 flushing nmethod 0x000002ab5166f190
Event: 27.641 Thread 0x000002ab66b8fb40 flushing nmethod 0x000002ab51675990
Event: 27.641 Thread 0x000002ab66b8fb40 flushing nmethod 0x000002ab51678090
Event: 27.641 Thread 0x000002ab66b8fb40 flushing nmethod 0x000002ab51695e90
Event: 27.641 Thread 0x000002ab66b8fb40 flushing nmethod 0x000002ab516d5290
Event: 27.641 Thread 0x000002ab66b8fb40 flushing nmethod 0x000002ab51733210
Event: 27.761 Thread 0x000002ab7199a000 Thread added: 0x000002ab7199a000
Event: 27.761 Thread 0x000002ab7199aaa0 Thread added: 0x000002ab7199aaa0
Event: 27.762 Thread 0x000002ab71998ac0 Thread added: 0x000002ab71998ac0
Event: 27.762 Thread 0x000002ab719955a0 Thread added: 0x000002ab719955a0
Event: 27.762 Thread 0x000002ab7199aff0 Thread added: 0x000002ab7199aff0
Event: 27.762 Thread 0x000002ab71997030 Thread added: 0x000002ab71997030
Event: 27.763 Thread 0x000002ab71997580 Thread added: 0x000002ab71997580


Dynamic libraries:
0x00007ff63a100000 - 0x00007ff63a110000 	C:\Program Files\Java\jdk-19\bin\java.exe
0x00007ff84c1d0000 - 0x00007ff84c3c8000 	C:\Windows\SYSTEM32\ntdll.dll
0x00007ff84a2c0000 - 0x00007ff84a382000 	C:\Windows\System32\KERNEL32.DLL
0x00007ff849910000 - 0x00007ff849c0e000 	C:\Windows\System32\KERNELBASE.dll
0x00007ff849ed0000 - 0x00007ff849fd0000 	C:\Windows\System32\ucrtbase.dll
0x00007ff846e20000 - 0x00007ff846e38000 	C:\Program Files\Java\jdk-19\bin\jli.dll
0x00007ff835260000 - 0x00007ff83527b000 	C:\Program Files\Java\jdk-19\bin\VCRUNTIME140.dll
0x00007ff84a8a0000 - 0x00007ff84a951000 	C:\Windows\System32\ADVAPI32.dll
0x00007ff84bf50000 - 0x00007ff84bfee000 	C:\Windows\System32\msvcrt.dll
0x00007ff84bcd0000 - 0x00007ff84bd6f000 	C:\Windows\System32\sechost.dll
0x00007ff84be20000 - 0x00007ff84bf43000 	C:\Windows\System32\RPCRT4.dll
0x00007ff849ea0000 - 0x00007ff849ec7000 	C:\Windows\System32\bcrypt.dll
0x00007ff84bff0000 - 0x00007ff84c18d000 	C:\Windows\System32\USER32.dll
0x00007ff8498e0000 - 0x00007ff849902000 	C:\Windows\System32\win32u.dll
0x00007ff84b8b0000 - 0x00007ff84b8db000 	C:\Windows\System32\GDI32.dll
0x00007ff84a080000 - 0x00007ff84a197000 	C:\Windows\System32\gdi32full.dll
0x00007ff849c10000 - 0x00007ff849cad000 	C:\Windows\System32\msvcp_win.dll
0x00007ff8329b0000 - 0x00007ff832c4a000 	C:\Windows\WinSxS\amd64_microsoft.windows.common-controls_6595b64144ccf1df_6.0.19041.4355_none_60b8b9eb71f62e16\COMCTL32.dll
0x00007ff842de0000 - 0x00007ff842dea000 	C:\Windows\SYSTEM32\VERSION.dll
0x00007ff84b9c0000 - 0x00007ff84b9ef000 	C:\Windows\System32\IMM32.DLL
0x00007ff835250000 - 0x00007ff83525c000 	C:\Program Files\Java\jdk-19\bin\vcruntime140_1.dll
0x00007ff81dc70000 - 0x00007ff81dcfe000 	C:\Program Files\Java\jdk-19\bin\msvcp140.dll
0x00007ffff42d0000 - 0x00007ffff4f90000 	C:\Program Files\Java\jdk-19\bin\server\jvm.dll
0x00007ff8351b0000 - 0x00007ff8351b9000 	C:\Windows\SYSTEM32\WSOCK32.dll
0x00007ff83f530000 - 0x00007ff83f557000 	C:\Windows\SYSTEM32\WINMM.dll
0x00007ff84bc60000 - 0x00007ff84bccb000 	C:\Windows\System32\WS2_32.dll
0x00007ff847710000 - 0x00007ff847722000 	C:\Windows\SYSTEM32\kernel.appcore.dll
0x00007ff8351a0000 - 0x00007ff8351aa000 	C:\Program Files\Java\jdk-19\bin\jimage.dll
0x00007ff83f080000 - 0x00007ff83f264000 	C:\Windows\SYSTEM32\DBGHELP.DLL
0x00007ff82ec20000 - 0x00007ff82ec54000 	C:\Windows\SYSTEM32\dbgcore.DLL
0x00007ff849cb0000 - 0x00007ff849d32000 	C:\Windows\System32\bcryptPrimitives.dll
0x00007ff835190000 - 0x00007ff83519e000 	C:\Program Files\Java\jdk-19\bin\instrument.dll
0x00007ff834fe0000 - 0x00007ff835006000 	C:\Program Files\Java\jdk-19\bin\java.dll
0x00007ff81d540000 - 0x00007ff81d617000 	C:\Program Files\Java\jdk-19\bin\jsvml.dll
0x00007ff84b140000 - 0x00007ff84b8ad000 	C:\Windows\System32\SHELL32.dll
0x00007ff847910000 - 0x00007ff8480b4000 	C:\Windows\SYSTEM32\windows.storage.dll
0x00007ff84a530000 - 0x00007ff84a883000 	C:\Windows\System32\combase.dll
0x00007ff8492a0000 - 0x00007ff8492ce000 	C:\Windows\SYSTEM32\Wldp.dll
0x00007ff84b8e0000 - 0x00007ff84b9ad000 	C:\Windows\System32\OLEAUT32.dll
0x00007ff84ba50000 - 0x00007ff84bafd000 	C:\Windows\System32\SHCORE.dll
0x00007ff84a250000 - 0x00007ff84a2a5000 	C:\Windows\System32\shlwapi.dll
0x00007ff8497a0000 - 0x00007ff8497c4000 	C:\Windows\SYSTEM32\profapi.dll
0x00007ff834d30000 - 0x00007ff834d48000 	C:\Program Files\Java\jdk-19\bin\zip.dll
0x00007ff821810000 - 0x00007ff821823000 	C:\Program Files\Java\jdk-19\bin\net.dll
0x00007ff843140000 - 0x00007ff84324d000 	C:\Windows\SYSTEM32\WINHTTP.dll
0x00007ff849000000 - 0x00007ff84906a000 	C:\Windows\system32\mswsock.dll
0x00007ff8217f0000 - 0x00007ff821806000 	C:\Program Files\Java\jdk-19\bin\nio.dll
0x00007ff834fd0000 - 0x00007ff834fe0000 	C:\Program Files\Java\jdk-19\bin\verify.dll
0x00007ff82bb00000 - 0x00007ff82bb27000 	C:\Users\blackpc\.jdks\corretto-1.8.0_362\native\c067742578af261105cb4f569cf0c3c89f3d7b1fecec35dd04571415982c5e48\windows-amd64\native-platform.dll
0x00007ffff7190000 - 0x00007ffff72d4000 	C:\Users\blackpc\.jdks\corretto-1.8.0_362\native\100fb08df4bc3b14c8652ba06237920a3bd2aa13389f12d3474272988ae205f9\windows-amd64\native-platform-file-events.dll
0x00007ff845270000 - 0x00007ff84527a000 	C:\Program Files\Java\jdk-19\bin\management.dll
0x00007ff845260000 - 0x00007ff84526b000 	C:\Program Files\Java\jdk-19\bin\management_ext.dll
0x00007ff84b9b0000 - 0x00007ff84b9b8000 	C:\Windows\System32\PSAPI.DLL
0x00007ff849200000 - 0x00007ff849218000 	C:\Windows\SYSTEM32\CRYPTSP.dll
0x00007ff8488b0000 - 0x00007ff8488e4000 	C:\Windows\system32\rsaenh.dll
0x00007ff849720000 - 0x00007ff84974e000 	C:\Windows\SYSTEM32\USERENV.dll
0x00007ff8491f0000 - 0x00007ff8491fc000 	C:\Windows\SYSTEM32\CRYPTBASE.dll
0x00007ff848c90000 - 0x00007ff848ccb000 	C:\Windows\SYSTEM32\IPHLPAPI.DLL
0x00007ff84a2b0000 - 0x00007ff84a2b8000 	C:\Windows\System32\NSI.dll
0x00007ff843570000 - 0x00007ff843587000 	C:\Windows\SYSTEM32\dhcpcsvc6.DLL
0x00007ff844300000 - 0x00007ff84431d000 	C:\Windows\SYSTEM32\dhcpcsvc.DLL
0x00007ff848cd0000 - 0x00007ff848d9a000 	C:\Windows\SYSTEM32\DNSAPI.dll
0x00007ff834d20000 - 0x00007ff834d28000 	C:\Program Files\Java\jdk-19\bin\extnet.dll
0x00007ff82f840000 - 0x00007ff82f84e000 	C:\Program Files\Java\jdk-19\bin\sunmscapi.dll
0x00007ff849d40000 - 0x00007ff849e9c000 	C:\Windows\System32\CRYPT32.dll
0x00007ff849310000 - 0x00007ff849337000 	C:\Windows\SYSTEM32\ncrypt.dll
0x00007ff8492d0000 - 0x00007ff84930b000 	C:\Windows\SYSTEM32\NTASN1.dll
0x00007fffc0010000 - 0x00007fffc0017000 	C:\Windows\system32\wshunix.dll
0x00007ff83a240000 - 0x00007ff83a24a000 	C:\Windows\System32\rasadhlp.dll
0x00007ff83aba0000 - 0x00007ff83ac20000 	C:\Windows\System32\fwpuclnt.dll
0x00007ff822410000 - 0x00007ff822427000 	C:\Windows\system32\napinsp.dll
0x00007ff8223f0000 - 0x00007ff82240b000 	C:\Windows\system32\pnrpnsp.dll
0x00007ff825300000 - 0x00007ff825315000 	C:\Windows\system32\wshbth.dll
0x00007ff844c40000 - 0x00007ff844c5d000 	C:\Windows\system32\NLAapi.dll
0x00007ff8223d0000 - 0x00007ff8223e2000 	C:\Windows\System32\winrnr.dll

dbghelp: loaded successfully - version: 4.0.5 - missing functions: none
symbol engine: initialized successfully - sym options: 0x614 - pdb path: .;C:\Program Files\Java\jdk-19\bin;C:\Windows\SYSTEM32;C:\Windows\WinSxS\amd64_microsoft.windows.common-controls_6595b64144ccf1df_6.0.19041.4355_none_60b8b9eb71f62e16;C:\Program Files\Java\jdk-19\bin\server;C:\Users\blackpc\.jdks\corretto-1.8.0_362\native\c067742578af261105cb4f569cf0c3c89f3d7b1fecec35dd04571415982c5e48\windows-amd64;C:\Users\blackpc\.jdks\corretto-1.8.0_362\native\100fb08df4bc3b14c8652ba06237920a3bd2aa13389f12d3474272988ae205f9\windows-amd64

VM Arguments:
jvm_args: --add-opens=java.base/java.util=ALL-UNNAMED --add-opens=java.base/java.lang=ALL-UNNAMED --add-opens=java.base/java.lang.invoke=ALL-UNNAMED --add-opens=java.prefs/java.util.prefs=ALL-UNNAMED --add-exports=jdk.compiler/com.sun.tools.javac.api=ALL-UNNAMED --add-exports=jdk.compiler/com.sun.tools.javac.util=ALL-UNNAMED --add-opens=java.base/java.nio.charset=ALL-UNNAMED --add-opens=java.base/java.net=ALL-UNNAMED --add-opens=java.base/java.util.concurrent.atomic=ALL-UNNAMED -Xmx2048m -Dfile.encoding=UTF-8 -Duser.country=KR -Duser.language=ko -Duser.variant -javaagent:C:\Users\blackpc\.jdks\corretto-1.8.0_362\wrapper\dists\gradle-8.9-bin\90cnw93cvbtalezasaz0blq0a\gradle-8.9\lib\agents\gradle-instrumentation-agent-8.9.jar 
java_command: org.gradle.launcher.daemon.bootstrap.GradleDaemon 8.9
java_class_path (initial): C:\Users\blackpc\.jdks\corretto-1.8.0_362\wrapper\dists\gradle-8.9-bin\90cnw93cvbtalezasaz0blq0a\gradle-8.9\lib\gradle-daemon-main-8.9.jar
Launcher Type: SUN_STANDARD

[Global flags]
     intx CICompilerCount                          = 4                                         {product} {ergonomic}
     uint ConcGCThreads                            = 2                                         {product} {ergonomic}
     uint G1ConcRefinementThreads                  = 8                                         {product} {ergonomic}
   size_t G1HeapRegionSize                         = 1048576                                   {product} {ergonomic}
    uintx GCDrainStackTargetSize                   = 64                                        {product} {ergonomic}
   size_t InitialHeapSize                          = 268435456                                 {product} {ergonomic}
   size_t MarkStackSize                            = 4194304                                   {product} {ergonomic}
   size_t MaxHeapSize                              = 2147483648                                {product} {command line}
   size_t MaxNewSize                               = 1287651328                                {product} {ergonomic}
   size_t MinHeapDeltaBytes                        = 1048576                                   {product} {ergonomic}
   size_t MinHeapSize                              = 8388608                                   {product} {ergonomic}
    uintx NonNMethodCodeHeapSize                   = 5839372                                {pd product} {ergonomic}
    uintx NonProfiledCodeHeapSize                  = 122909434                              {pd product} {ergonomic}
    uintx ProfiledCodeHeapSize                     = 122909434                              {pd product} {ergonomic}
    uintx ReservedCodeCacheSize                    = 251658240                              {pd product} {ergonomic}
     bool SegmentedCodeCache                       = true                                      {product} {ergonomic}
   size_t SoftMaxHeapSize                          = 2147483648                             {manageable} {ergonomic}
     bool UseCompressedClassPointers               = true                           {product lp64_product} {ergonomic}
     bool UseCompressedOops                        = true                           {product lp64_product} {ergonomic}
     bool UseG1GC                                  = true                                      {product} {ergonomic}
     bool UseLargePagesIndividualAllocation        = false                                  {pd product} {ergonomic}

Logging:
Log output configuration:
 #0: stdout all=warning uptime,level,tags foldmultilines=false
 #1: stderr all=off uptime,level,tags foldmultilines=false

Environment Variables:
JAVA_HOME=C:\Program Files\Java\jdk-19
PATH=c:\Users\blackpc\AppData\Local\Programs\cursor\resources\app\bin;C:\Program Files\Java\jdk-19\bin;C:\Program Files\Common Files\Oracle\Java\javapath;C:\Windows\system32;C:\Windows;C:\Windows\System32\Wbem;C:\Windows\System32\WindowsPowerShell\v1.0\;C:\Windows\System32\OpenSSH\;C:\Program Files\dotnet\;C:\MinGW\bin;C:\Python27;C:\Program Files\JetBrains\PyCharm 2022.3.1\bin;;;C:\Program Files (x86)\ESTsoft\ALSee\x64;c:\Users\blackpc\AppData\Local\Programs\cursor\resources\app\bin;C:\Program Files\JetBrains\PyCharm 2022.3.1\bin;;;C:\Users\blackpc\AppData\Local\Programs\Microsoft VS Code\bin
USERNAME=blackpc
TMPDIR=C:\Users\Public\Documents\ESTsoft\CreatorTemp
OS=Windows_NT
PROCESSOR_IDENTIFIER=Intel64 Family 6 Model 60 Stepping 3, GenuineIntel
TMP=C:\Users\blackpc\AppData\Local\Temp
TEMP=C:\Users\blackpc\AppData\Local\Temp



---------------  S Y S T E M  ---------------

OS:
 Windows 10 , 64 bit Build 19041 (10.0.19041.5198)
OS uptime: 0 days 0:26 hours

CPU: total 8 (initial active 8) (4 cores per cpu, 2 threads per core) family 6 model 60 stepping 3 microcode 0x27, cx8, cmov, fxsr, ht, mmx, sse, sse2, sse3, ssse3, sse4.1, sse4.2, popcnt, lzcnt, tsc, tscinvbit, avx, avx2, aes, erms, clmul, bmi1, bmi2, fma, vzeroupper, clflush, rdtscp

Memory: 4k page, system-wide physical 16325M (3379M free)
TotalPageFile size 21701M (AvailPageFile size 6714M)
current process WorkingSet (physical memory assigned to process): 483M, peak: 483M
current process commit charge ("private bytes"): 528M, peak: 528M

vm_info: Java HotSpot(TM) 64-Bit Server VM (19.0.1+10-21) for windows-amd64 JRE (19.0.1+10-21), built on 2022-09-14T12:45:06Z by "mach5one" with MS VC++ 17.1 (VS2022)

END.
